Log file open, 12/03/22 01:11:09
LogWindows: Failed to load 'aqProf.dll' (GetLastError=126)
LogWindows: File 'aqProf.dll' does not exist
LogWindows: Failed to load 'VtuneApi.dll' (GetLastError=126)
LogWindows: File 'VtuneApi.dll' does not exist
LogWindows: Failed to load 'VtuneApi32e.dll' (GetLastError=126)
LogWindows: File 'VtuneApi32e.dll' does not exist
LogConsoleResponse: Display: Failed to find resolution value strings in scalability ini. Falling back to default.
LogConsoleResponse: Display: Failed to find resolution value strings in scalability ini. Falling back to default.
LogInit: Display: Running engine for game: GhostHouse
LogPlatformFile: Not using cached read wrapper
LogTaskGraph: Started task graph with 5 named threads and 20 total threads with 3 sets of task threads.
LogStats: Stats thread started at 2.607636
LogICUInternationalization: ICU TimeZone Detection - Raw Offset: -3:00, Platform Override: ''
LogInit: Display: Loading text-based GConfig....
LogPluginManager: Mounting plugin MeshPainting
LogPluginManager: Mounting plugin XGEController
LogPluginManager: Mounting plugin Paper2D
LogPluginManager: Mounting plugin EnvironmentQueryEditor
LogPluginManager: Mounting plugin AISupport
LogPluginManager: Mounting plugin LightPropagationVolume
LogPluginManager: Mounting plugin LiveLink
LogPluginManager: Mounting plugin CameraShakePreviewer
LogPluginManager: Mounting plugin GameplayCameras
LogPluginManager: Mounting plugin OodleData
LogPluginManager: Mounting plugin OodleNetwork
LogPluginManager: Mounting plugin DatasmithContent
LogPluginManager: Mounting plugin VariantManagerContent
LogPluginManager: Mounting plugin AnimationSharing
LogPluginManager: Mounting plugin CLionSourceCodeAccess
LogPluginManager: Mounting plugin CodeLiteSourceCodeAccess
LogPluginManager: Mounting plugin GitSourceControl
LogPluginManager: Mounting plugin KDevelopSourceCodeAccess
LogPluginManager: Mounting plugin NullSourceCodeAccess
LogPluginManager: Mounting plugin PerforceSourceControl
LogPluginManager: Mounting plugin PixWinPlugin
LogPluginManager: Mounting plugin PlasticSourceControl
LogPluginManager: Mounting plugin PluginUtils
LogPluginManager: Mounting plugin PropertyAccessNode
LogPluginManager: Mounting plugin RiderSourceCodeAccess
LogPluginManager: Mounting plugin SubversionSourceControl
LogPluginManager: Mounting plugin TextureFormatOodle
LogPluginManager: Mounting plugin Niagara
LogPluginManager: Mounting plugin UObjectPlugin
LogPluginManager: Mounting plugin AlembicImporter
LogPluginManager: Mounting plugin AutomationUtils
LogPluginManager: Mounting plugin BackChannel
LogPluginManager: Mounting plugin ChaosCloth
LogPluginManager: Mounting plugin ChaosClothEditor
LogPluginManager: Mounting plugin ChaosEditor
LogPluginManager: Mounting plugin ChaosNiagara
LogPluginManager: Mounting plugin ChaosSolverPlugin
LogPluginManager: Mounting plugin VisualStudioCodeSourceCodeAccess
LogPluginManager: Mounting plugin CharacterAI
LogPluginManager: Mounting plugin VisualStudioSourceCodeAccess
LogPluginManager: Mounting plugin XCodeSourceCodeAccess
LogPluginManager: Mounting plugin GeometryCache
LogPluginManager: Mounting plugin GeometryCollectionPlugin
LogPluginManager: Mounting plugin GeometryProcessing
LogPluginManager: Mounting plugin MotoSynth
LogPluginManager: Mounting plugin OpenImageDenoise
LogPluginManager: Mounting plugin PlanarCut
LogPluginManager: Mounting plugin PlatformCrypto
LogPluginManager: Mounting plugin ProxyLODPlugin
LogPluginManager: Mounting plugin PythonScriptPlugin
LogPluginManager: Mounting plugin SkeletalReduction
LogPluginManager: Mounting plugin LuminPlatformFeatures
LogPluginManager: Mounting plugin MagicLeap
LogPluginManager: Mounting plugin MagicLeapLightEstimation
LogPluginManager: Mounting plugin MagicLeapMedia
LogPluginManager: Mounting plugin MagicLeapPassableWorld
LogPluginManager: Mounting plugin MLSDK
LogPluginManager: Mounting plugin AndroidMedia
LogPluginManager: Mounting plugin AvfMedia
LogPluginManager: Mounting plugin ImgMedia
LogPluginManager: Mounting plugin MediaCompositing
LogPluginManager: Mounting plugin MediaPlayerEditor
LogPluginManager: Mounting plugin AssetManagerEditor
LogPluginManager: Mounting plugin WebMMedia
LogPluginManager: Mounting plugin WmfMedia
LogPluginManager: Mounting plugin CryptoKeys
LogPluginManager: Mounting plugin CurveEditorTools
LogPluginManager: Mounting plugin DataValidation
LogPluginManager: Mounting plugin FacialAnimation
LogPluginManager: Mounting plugin GameplayTagsEditor
LogPluginManager: Mounting plugin GeometryMode
LogPluginManager: Mounting plugin MacGraphicsSwitching
LogPluginManager: Mounting plugin MaterialAnalyzer
LogPluginManager: Mounting plugin MobileLauncherProfileWizard
LogPluginManager: Mounting plugin PluginBrowser
LogPluginManager: Mounting plugin SpeedTreeImporter
LogPluginManager: Mounting plugin TcpMessaging
LogPluginManager: Mounting plugin UdpMessaging
LogPluginManager: Mounting plugin ActorSequence
LogPluginManager: Mounting plugin LevelSequenceEditor
LogPluginManager: Mounting plugin MatineeToLevelSequence
LogPluginManager: Mounting plugin TemplateSequence
LogPluginManager: Mounting plugin OnlineSubsystem
LogPluginManager: Mounting plugin OnlineSubsystemNull
LogPluginManager: Mounting plugin OnlineSubsystemUtils
LogPluginManager: Mounting plugin LauncherChunkInstaller
LogPluginManager: Mounting plugin ActorLayerUtilities
LogPluginManager: Mounting plugin AndroidDeviceProfileSelector
LogPluginManager: Mounting plugin AndroidMoviePlayer
LogPluginManager: Mounting plugin AndroidPermission
LogPluginManager: Mounting plugin AppleImageUtils
LogPluginManager: Mounting plugin AppleMoviePlayer
LogPluginManager: Mounting plugin ArchVisCharacter
LogPluginManager: Mounting plugin AssetTags
LogPluginManager: Mounting plugin AudioCapture
LogPluginManager: Mounting plugin AudioSynesthesia
LogPluginManager: Mounting plugin CableComponent
LogPluginManager: Mounting plugin ChunkDownloader
LogPluginManager: Mounting plugin CustomMeshComponent
LogPluginManager: Mounting plugin EditableMesh
LogPluginManager: Mounting plugin ExampleDeviceProfileSelector
LogPluginManager: Mounting plugin GoogleCloudMessaging
LogPluginManager: Mounting plugin GooglePAD
LogPluginManager: Mounting plugin ScreenshotTools
LogPluginManager: Mounting plugin IOSDeviceProfileSelector
LogPluginManager: Mounting plugin LinuxDeviceProfileSelector
LogPluginManager: Mounting plugin LocationServicesBPLibrary
LogPluginManager: Mounting plugin MobilePatchingUtils
LogPluginManager: Mounting plugin OpenXR
LogPluginManager: Mounting plugin OpenXREyeTracker
LogPluginManager: Mounting plugin OpenXRHandTracking
LogPluginManager: Mounting plugin PhysXVehicles
LogPluginManager: Mounting plugin PostSplashScreen
LogPluginManager: Mounting plugin Takes
LogPluginManager: Mounting plugin ProceduralMeshComponent
LogPluginManager: Mounting plugin PropertyAccessEditor
LogPluginManager: Mounting plugin RuntimePhysXCooking
LogPluginManager: Mounting plugin SignificanceManager
LogPluginManager: Mounting plugin SoundFields
LogPluginManager: Mounting plugin Synthesis
LogPluginManager: Mounting plugin WebMMoviePlayer
LogPluginManager: Mounting plugin WindowsMoviePlayer
LogPluginManager: Mounting plugin ContentBrowserAssetDataSource
LogPluginManager: Mounting plugin ContentBrowserClassDataSource
LogPluginManager: Mounting plugin ContentBrowserFileDataSource
LogPluginManager: Mounting plugin OnlineSubsystemGooglePlay
LogPluginManager: Mounting plugin OnlineSubsystemIOS
LogPluginManager: Mounting plugin OculusVR
LogPluginManager: Mounting plugin SteamVR
PixWinPlugin: PIX capture plugin failed to initialize! Check that the process is launched from PIX.
LogInit: Using libcurl 7.55.1-DEV
LogInit:  - built for x86_64-pc-win32
LogInit:  - supports SSL with OpenSSL/1.1.1
LogInit:  - supports HTTP deflate (compression) using libz 1.2.8
LogInit:  - other features:
LogInit:      CURL_VERSION_SSL
LogInit:      CURL_VERSION_LIBZ
LogInit:      CURL_VERSION_IPV6
LogInit:      CURL_VERSION_ASYNCHDNS
LogInit:      CURL_VERSION_LARGEFILE
LogInit:      CURL_VERSION_IDN
LogInit:  CurlRequestOptions (configurable via config and command line):
LogInit:  - bVerifyPeer = true  - Libcurl will verify peer certificate
LogInit:  - bUseHttpProxy = false  - Libcurl will NOT use HTTP proxy
LogInit:  - bDontReuseConnections = false  - Libcurl will reuse connections
LogInit:  - MaxHostConnections = 16  - Libcurl will limit the number of connections to a host
LogInit:  - LocalHostAddr = Default
LogInit:  - BufferSize = 65536
LogOnline: OSS: Creating online subsystem instance for: NULL
LogInit: WinSock: version 1.1 (2.2), MaxSocks=32767, MaxUdp=65467
LogOnline: OSS: TryLoadSubsystemAndSetDefault: Loaded subsystem for module [NULL]
LogOculusPluginWrapper: OculusPlugin initialized successfully
LogHMD: Failed initializing OVRPlugin 1.59.0
LogInit: Build: ++UE4+Release-4.27-CL-18319896
LogInit: Engine Version: 4.27.2-18319896+++UE4+Release-4.27
LogInit: Compatible Engine Version: 4.27.0-17155196+++UE4+Release-4.27
LogInit: Net CL: 17155196
LogInit: OS: Windows 10 (Release 2009) (), CPU: Intel(R) Core(TM) i5-8400 CPU @ 2.80GHz, GPU: NVIDIA Quadro K5000
LogInit: Compiled (64-bit): Nov 30 2021 07:12:08
LogInit: Compiled with Visual C++: 19.24.28315.00
LogInit: Build Configuration: Development
LogInit: Branch Name: ++UE4+Release-4.27
LogInit: Command Line: 
LogInit: Base Directory: D:/Epic Games/UE_4.27/Engine/Binaries/Win64/
LogInit: Allocator: TBB
LogInit: Installed Engine Build: 1
LogDevObjectVersion: Number of dev versions registered: 29
LogDevObjectVersion:   Dev-Blueprints (B0D832E4-1F89-4F0D-ACCF-7EB736FD4AA2): 10
LogDevObjectVersion:   Dev-Build (E1C64328-A22C-4D53-A36C-8E866417BD8C): 0
LogDevObjectVersion:   Dev-Core (375EC13C-06E4-48FB-B500-84F0262A717E): 4
LogDevObjectVersion:   Dev-Editor (E4B068ED-F494-42E9-A231-DA0B2E46BB41): 40
LogDevObjectVersion:   Dev-Framework (CFFC743F-43B0-4480-9391-14DF171D2073): 37
LogDevObjectVersion:   Dev-Mobile (B02B49B5-BB20-44E9-A304-32B752E40360): 3
LogDevObjectVersion:   Dev-Networking (A4E4105C-59A1-49B5-A7C5-40C4547EDFEE): 0
LogDevObjectVersion:   Dev-Online (39C831C9-5AE6-47DC-9A44-9C173E1C8E7C): 0
LogDevObjectVersion:   Dev-Physics (78F01B33-EBEA-4F98-B9B4-84EACCB95AA2): 14
LogDevObjectVersion:   Dev-Platform (6631380F-2D4D-43E0-8009-CF276956A95A): 0
LogDevObjectVersion:   Dev-Rendering (12F88B9F-8875-4AFC-A67C-D90C383ABD29): 45
LogDevObjectVersion:   Dev-Sequencer (7B5AE74C-D270-4C10-A958-57980B212A5A): 13
LogDevObjectVersion:   Dev-VR (D7296918-1DD6-4BDD-9DE2-64A83CC13884): 3
LogDevObjectVersion:   Dev-LoadTimes (C2A15278-BFE7-4AFE-6C17-90FF531DF755): 1
LogDevObjectVersion:   Private-Geometry (6EACA3D4-40EC-4CC1-B786-8BED09428FC5): 3
LogDevObjectVersion:   Dev-AnimPhys (29E575DD-E0A3-4627-9D10-D276232CDCEA): 17
LogDevObjectVersion:   Dev-Anim (AF43A65D-7FD3-4947-9873-3E8ED9C1BB05): 15
LogDevObjectVersion:   Dev-ReflectionCapture (6B266CEC-1EC7-4B8F-A30B-E4D90942FC07): 1
LogDevObjectVersion:   Dev-Automation (0DF73D61-A23F-47EA-B727-89E90C41499A): 1
LogDevObjectVersion:   FortniteMain (601D1886-AC64-4F84-AA16-D3DE0DEAC7D6): 47
LogDevObjectVersion:   FortniteRelease (E7086368-6B23-4C58-8439-1B7016265E91): 1
LogDevObjectVersion:   Dev-Enterprise (9DFFBCD6-494F-0158-E221-12823C92A888): 10
LogDevObjectVersion:   Dev-Niagara (F2AED0AC-9AFE-416F-8664-AA7FFA26D6FC): 1
LogDevObjectVersion:   Dev-Destruction (174F1F0B-B4C6-45A5-B13F-2EE8D0FB917D): 10
LogDevObjectVersion:   Dev-Physics-Ext (35F94A83-E258-406C-A318-09F59610247C): 41
LogDevObjectVersion:   Dev-PhysicsMaterial-Chaos (B68FC16E-8B1B-42E2-B453-215C058844FE): 1
LogDevObjectVersion:   Dev-CineCamera (B2E18506-4273-CFC2-A54E-F4BB758BBA07): 1
LogDevObjectVersion:   Dev-VirtualProduction (64F58936-FD1B-42BA-BA96-7289D5D0FA4E): 1
LogDevObjectVersion:   Dev-MediaFramework (6F0ED827-A609-4895-9C91-998D90180EA4): 2
LogInit: Presizing for max 25165824 objects, including 0 objects not considered by GC, pre-allocating 0 bytes for permanent pool.
LogConfig: Applying CVar settings from Section [/Script/Engine.StreamingSettings] File [C:/Users/Yuri Benassi/OneDrive - Fundação São Paulo/PUC-SP/Unreal Projects/Ghost-House/GhostHouse/Saved/Config/Windows/Engine.ini]
LogConfig: Setting CVar [[s.MinBulkDataSizeForAsyncLoading:131072]]
LogConfig: Setting CVar [[s.AsyncLoadingThreadEnabled:0]]
LogConfig: Setting CVar [[s.EventDrivenLoaderEnabled:1]]
LogConfig: Setting CVar [[s.WarnIfTimeLimitExceeded:0]]
LogConfig: Setting CVar [[s.TimeLimitExceededMultiplier:1.5]]
LogConfig: Setting CVar [[s.TimeLimitExceededMinTime:0.005]]
LogConfig: Setting CVar [[s.UseBackgroundLevelStreaming:1]]
LogConfig: Setting CVar [[s.PriorityAsyncLoadingExtraTime:15.0]]
LogConfig: Setting CVar [[s.LevelStreamingActorsUpdateTimeLimit:5.0]]
LogConfig: Setting CVar [[s.PriorityLevelStreamingActorsUpdateExtraTime:5.0]]
LogConfig: Setting CVar [[s.LevelStreamingComponentsRegistrationGranularity:10]]
LogConfig: Setting CVar [[s.UnregisterComponentsTimeLimit:1.0]]
LogConfig: Setting CVar [[s.LevelStreamingComponentsUnregistrationGranularity:5]]
LogConfig: Setting CVar [[s.FlushStreamingOnExit:1]]
LogInit: Object subsystem initialized
LogConfig: Setting CVar [[con.DebugEarlyDefault:1]]
LogConfig: Setting CVar [[r.setres:1280x720]]
[2022.12.03-04.11.18:013][  0]LogConfig: Setting CVar [[r.VSync:0]]
[2022.12.03-04.11.18:013][  0]LogConfig: Setting CVar [[r.RHICmdBypass:0]]
[2022.12.03-04.11.18:013][  0]LogConfig: Applying CVar settings from Section [/Script/Engine.RendererSettings] File [C:/Users/Yuri Benassi/OneDrive - Fundação São Paulo/PUC-SP/Unreal Projects/Ghost-House/GhostHouse/Saved/Config/Windows/Engine.ini]
[2022.12.03-04.11.18:013][  0]LogConfig: Setting CVar [[r.GPUCrashDebugging:0]]
[2022.12.03-04.11.18:013][  0]LogConfig: Setting CVar [[r.DefaultFeature.AutoExposure:0]]
[2022.12.03-04.11.18:013][  0]LogConfig: Applying CVar settings from Section [/Script/Engine.RendererOverrideSettings] File [C:/Users/Yuri Benassi/OneDrive - Fundação São Paulo/PUC-SP/Unreal Projects/Ghost-House/GhostHouse/Saved/Config/Windows/Engine.ini]
[2022.12.03-04.11.18:013][  0]LogConfig: Applying CVar settings from Section [/Script/Engine.StreamingSettings] File [C:/Users/Yuri Benassi/OneDrive - Fundação São Paulo/PUC-SP/Unreal Projects/Ghost-House/GhostHouse/Saved/Config/Windows/Engine.ini]
[2022.12.03-04.11.18:013][  0]LogConfig: Setting CVar [[s.MinBulkDataSizeForAsyncLoading:131072]]
[2022.12.03-04.11.18:013][  0]LogConfig: Setting CVar [[s.AsyncLoadingThreadEnabled:0]]
[2022.12.03-04.11.18:013][  0]LogConfig: Setting CVar [[s.EventDrivenLoaderEnabled:1]]
[2022.12.03-04.11.18:013][  0]LogConfig: Setting CVar [[s.WarnIfTimeLimitExceeded:0]]
[2022.12.03-04.11.18:013][  0]LogConfig: Setting CVar [[s.TimeLimitExceededMultiplier:1.5]]
[2022.12.03-04.11.18:013][  0]LogConfig: Setting CVar [[s.TimeLimitExceededMinTime:0.005]]
[2022.12.03-04.11.18:013][  0]LogConfig: Setting CVar [[s.UseBackgroundLevelStreaming:1]]
[2022.12.03-04.11.18:013][  0]LogConfig: Setting CVar [[s.PriorityAsyncLoadingExtraTime:15.0]]
[2022.12.03-04.11.18:013][  0]LogConfig: Setting CVar [[s.LevelStreamingActorsUpdateTimeLimit:5.0]]
[2022.12.03-04.11.18:013][  0]LogConfig: Setting CVar [[s.PriorityLevelStreamingActorsUpdateExtraTime:5.0]]
[2022.12.03-04.11.18:013][  0]LogConfig: Setting CVar [[s.LevelStreamingComponentsRegistrationGranularity:10]]
[2022.12.03-04.11.18:013][  0]LogConfig: Setting CVar [[s.UnregisterComponentsTimeLimit:1.0]]
[2022.12.03-04.11.18:013][  0]LogConfig: Setting CVar [[s.LevelStreamingComponentsUnregistrationGranularity:5]]
[2022.12.03-04.11.18:014][  0]LogConfig: Setting CVar [[s.FlushStreamingOnExit:1]]
[2022.12.03-04.11.18:014][  0]LogConfig: Applying CVar settings from Section [/Script/Engine.GarbageCollectionSettings] File [C:/Users/Yuri Benassi/OneDrive - Fundação São Paulo/PUC-SP/Unreal Projects/Ghost-House/GhostHouse/Saved/Config/Windows/Engine.ini]
[2022.12.03-04.11.18:014][  0]LogConfig: Setting CVar [[gc.MaxObjectsNotConsideredByGC:1]]
[2022.12.03-04.11.18:014][  0]LogConfig: Setting CVar [[gc.SizeOfPermanentObjectPool:0]]
[2022.12.03-04.11.18:014][  0]LogConfig: Setting CVar [[gc.FlushStreamingOnGC:0]]
[2022.12.03-04.11.18:014][  0]LogConfig: Setting CVar [[gc.NumRetriesBeforeForcingGC:10]]
[2022.12.03-04.11.18:014][  0]LogConfig: Setting CVar [[gc.AllowParallelGC:1]]
[2022.12.03-04.11.18:014][  0]LogConfig: Setting CVar [[gc.TimeBetweenPurgingPendingKillObjects:61.1]]
[2022.12.03-04.11.18:014][  0]LogConfig: Setting CVar [[gc.MaxObjectsInEditor:25165824]]
[2022.12.03-04.11.18:014][  0]LogConfig: Setting CVar [[gc.IncrementalBeginDestroyEnabled:1]]
[2022.12.03-04.11.18:014][  0]LogConfig: Setting CVar [[gc.CreateGCClusters:1]]
[2022.12.03-04.11.18:014][  0]LogConfig: Setting CVar [[gc.MinGCClusterSize:5]]
[2022.12.03-04.11.18:014][  0]LogConfig: Setting CVar [[gc.ActorClusteringEnabled:0]]
[2022.12.03-04.11.18:014][  0]LogConfig: Setting CVar [[gc.BlueprintClusteringEnabled:0]]
[2022.12.03-04.11.18:014][  0]LogConfig: Setting CVar [[gc.UseDisregardForGCOnDedicatedServers:0]]
[2022.12.03-04.11.18:014][  0]LogConfig: Setting CVar [[gc.MultithreadedDestructionEnabled:1]]
[2022.12.03-04.11.18:014][  0]LogConfig: Applying CVar settings from Section [/Script/Engine.NetworkSettings] File [C:/Users/Yuri Benassi/OneDrive - Fundação São Paulo/PUC-SP/Unreal Projects/Ghost-House/GhostHouse/Saved/Config/Windows/Engine.ini]
[2022.12.03-04.11.18:014][  0]LogConfig: Applying CVar settings from Section [/Script/UnrealEd.CookerSettings] File [C:/Users/Yuri Benassi/OneDrive - Fundação São Paulo/PUC-SP/Unreal Projects/Ghost-House/GhostHouse/Saved/Config/Windows/Engine.ini]
[2022.12.03-04.11.18:029][  0]LogConfig: Applying CVar settings from Section [ViewDistanceQuality@3] File [C:/Users/Yuri Benassi/OneDrive - Fundação São Paulo/PUC-SP/Unreal Projects/Ghost-House/GhostHouse/Saved/Config/Windows/Scalability.ini]
[2022.12.03-04.11.18:029][  0]LogConfig: Setting CVar [[r.SkeletalMeshLODBias:0]]
[2022.12.03-04.11.18:029][  0]LogConfig: Setting CVar [[r.ViewDistanceScale:1.0]]
[2022.12.03-04.11.18:029][  0]LogConfig: Applying CVar settings from Section [AntiAliasingQuality@3] File [C:/Users/Yuri Benassi/OneDrive - Fundação São Paulo/PUC-SP/Unreal Projects/Ghost-House/GhostHouse/Saved/Config/Windows/Scalability.ini]
[2022.12.03-04.11.18:029][  0]LogConfig: Setting CVar [[r.PostProcessAAQuality:4]]
[2022.12.03-04.11.18:029][  0]LogConfig: Applying CVar settings from Section [ShadowQuality@3] File [C:/Users/Yuri Benassi/OneDrive - Fundação São Paulo/PUC-SP/Unreal Projects/Ghost-House/GhostHouse/Saved/Config/Windows/Scalability.ini]
[2022.12.03-04.11.18:030][  0]LogConfig: Setting CVar [[r.LightFunctionQuality:1]]
[2022.12.03-04.11.18:030][  0]LogConfig: Setting CVar [[r.ShadowQuality:5]]
[2022.12.03-04.11.18:030][  0]LogConfig: Setting CVar [[r.Shadow.CSM.MaxCascades:10]]
[2022.12.03-04.11.18:030][  0]LogConfig: Setting CVar [[r.Shadow.MaxResolution:2048]]
[2022.12.03-04.11.18:030][  0]LogConfig: Setting CVar [[r.Shadow.MaxCSMResolution:2048]]
[2022.12.03-04.11.18:030][  0]LogConfig: Setting CVar [[r.Shadow.RadiusThreshold:0.01]]
[2022.12.03-04.11.18:030][  0]LogConfig: Setting CVar [[r.Shadow.DistanceScale:1.0]]
[2022.12.03-04.11.18:030][  0]LogConfig: Setting CVar [[r.Shadow.CSM.TransitionScale:1.0]]
[2022.12.03-04.11.18:030][  0]LogConfig: Setting CVar [[r.Shadow.PreShadowResolutionFactor:1.0]]
[2022.12.03-04.11.18:030][  0]LogConfig: Setting CVar [[r.DistanceFieldShadowing:1]]
[2022.12.03-04.11.18:030][  0]LogConfig: Setting CVar [[r.DistanceFieldAO:1]]
[2022.12.03-04.11.18:030][  0]LogConfig: Setting CVar [[r.AOQuality:2]]
[2022.12.03-04.11.18:030][  0]LogConfig: Setting CVar [[r.VolumetricFog:1]]
[2022.12.03-04.11.18:030][  0]LogConfig: Setting CVar [[r.VolumetricFog.GridPixelSize:8]]
[2022.12.03-04.11.18:030][  0]LogConfig: Setting CVar [[r.VolumetricFog.GridSizeZ:128]]
[2022.12.03-04.11.18:030][  0]LogConfig: Setting CVar [[r.VolumetricFog.HistoryMissSupersampleCount:4]]
[2022.12.03-04.11.18:030][  0]LogConfig: Setting CVar [[r.LightMaxDrawDistanceScale:1]]
[2022.12.03-04.11.18:030][  0]LogConfig: Setting CVar [[r.CapsuleShadows:1]]
[2022.12.03-04.11.18:030][  0]LogConfig: Applying CVar settings from Section [PostProcessQuality@3] File [C:/Users/Yuri Benassi/OneDrive - Fundação São Paulo/PUC-SP/Unreal Projects/Ghost-House/GhostHouse/Saved/Config/Windows/Scalability.ini]
[2022.12.03-04.11.18:030][  0]LogConfig: Setting CVar [[r.MotionBlurQuality:4]]
[2022.12.03-04.11.18:030][  0]LogConfig: Setting CVar [[r.AmbientOcclusionMipLevelFactor:0.4]]
[2022.12.03-04.11.18:030][  0]LogConfig: Setting CVar [[r.AmbientOcclusionMaxQuality:100]]
[2022.12.03-04.11.18:030][  0]LogConfig: Setting CVar [[r.AmbientOcclusionLevels:-1]]
[2022.12.03-04.11.18:030][  0]LogConfig: Setting CVar [[r.AmbientOcclusionRadiusScale:1.0]]
[2022.12.03-04.11.18:030][  0]LogConfig: Setting CVar [[r.DepthOfFieldQuality:2]]
[2022.12.03-04.11.18:030][  0]LogConfig: Setting CVar [[r.RenderTargetPoolMin:400]]
[2022.12.03-04.11.18:030][  0]LogConfig: Setting CVar [[r.LensFlareQuality:2]]
[2022.12.03-04.11.18:030][  0]LogConfig: Setting CVar [[r.SceneColorFringeQuality:1]]
[2022.12.03-04.11.18:030][  0]LogConfig: Setting CVar [[r.EyeAdaptationQuality:2]]
[2022.12.03-04.11.18:030][  0]LogConfig: Setting CVar [[r.BloomQuality:5]]
[2022.12.03-04.11.18:030][  0]LogConfig: Setting CVar [[r.FastBlurThreshold:100]]
[2022.12.03-04.11.18:030][  0]LogConfig: Setting CVar [[r.Upscale.Quality:3]]
[2022.12.03-04.11.18:030][  0]LogConfig: Setting CVar [[r.Tonemapper.GrainQuantization:1]]
[2022.12.03-04.11.18:030][  0]LogConfig: Setting CVar [[r.LightShaftQuality:1]]
[2022.12.03-04.11.18:030][  0]LogConfig: Setting CVar [[r.Filter.SizeScale:1]]
[2022.12.03-04.11.18:030][  0]LogConfig: Setting CVar [[r.Tonemapper.Quality:5]]
[2022.12.03-04.11.18:030][  0]LogConfig: Setting CVar [[r.DOF.Gather.AccumulatorQuality:1        ; higher gathering accumulator quality]]
[2022.12.03-04.11.18:030][  0]LogConfig: Setting CVar [[r.DOF.Gather.PostfilterMethod:1          ; Median3x3 postfilering method]]
[2022.12.03-04.11.18:030][  0]LogConfig: Setting CVar [[r.DOF.Gather.EnableBokehSettings:0       ; no bokeh simulation when gathering]]
[2022.12.03-04.11.18:030][  0]LogConfig: Setting CVar [[r.DOF.Gather.RingCount:4                 ; medium number of samples when gathering]]
[2022.12.03-04.11.18:030][  0]LogConfig: Setting CVar [[r.DOF.Scatter.ForegroundCompositing:1    ; additive foreground scattering]]
[2022.12.03-04.11.18:030][  0]LogConfig: Setting CVar [[r.DOF.Scatter.BackgroundCompositing:2    ; additive background scattering]]
[2022.12.03-04.11.18:030][  0]LogConfig: Setting CVar [[r.DOF.Scatter.EnableBokehSettings:1      ; bokeh simulation when scattering]]
[2022.12.03-04.11.18:030][  0]LogConfig: Setting CVar [[r.DOF.Scatter.MaxSpriteRatio:0.1         ; only a maximum of 10% of scattered bokeh]]
[2022.12.03-04.11.18:030][  0]LogConfig: Setting CVar [[r.DOF.Recombine.Quality:1                ; cheap slight out of focus]]
[2022.12.03-04.11.18:030][  0]LogConfig: Setting CVar [[r.DOF.Recombine.EnableBokehSettings:0    ; no bokeh simulation on slight out of focus]]
[2022.12.03-04.11.18:030][  0]LogConfig: Setting CVar [[r.DOF.TemporalAAQuality:1                ; more stable temporal accumulation]]
[2022.12.03-04.11.18:030][  0]LogConfig: Setting CVar [[r.DOF.Kernel.MaxForegroundRadius:0.025]]
[2022.12.03-04.11.18:030][  0]LogConfig: Setting CVar [[r.DOF.Kernel.MaxBackgroundRadius:0.025]]
[2022.12.03-04.11.18:030][  0]LogConfig: Applying CVar settings from Section [TextureQuality@3] File [C:/Users/Yuri Benassi/OneDrive - Fundação São Paulo/PUC-SP/Unreal Projects/Ghost-House/GhostHouse/Saved/Config/Windows/Scalability.ini]
[2022.12.03-04.11.18:030][  0]LogConfig: Setting CVar [[r.Streaming.MipBias:0]]
[2022.12.03-04.11.18:030][  0]LogConfig: Setting CVar [[r.Streaming.AmortizeCPUToGPUCopy:0]]
[2022.12.03-04.11.18:030][  0]LogConfig: Setting CVar [[r.Streaming.MaxNumTexturesToStreamPerFrame:0]]
[2022.12.03-04.11.18:030][  0]LogConfig: Setting CVar [[r.Streaming.Boost:1]]
[2022.12.03-04.11.18:030][  0]LogConfig: Setting CVar [[r.MaxAnisotropy:8]]
[2022.12.03-04.11.18:030][  0]LogConfig: Setting CVar [[r.VT.MaxAnisotropy:8]]
[2022.12.03-04.11.18:030][  0]LogConfig: Setting CVar [[r.Streaming.LimitPoolSizeToVRAM:0]]
[2022.12.03-04.11.18:030][  0]LogConfig: Setting CVar [[r.Streaming.PoolSize:1000]]
[2022.12.03-04.11.18:030][  0]LogConfig: Setting CVar [[r.Streaming.MaxEffectiveScreenSize:0]]
[2022.12.03-04.11.18:030][  0]LogConfig: Applying CVar settings from Section [EffectsQuality@3] File [C:/Users/Yuri Benassi/OneDrive - Fundação São Paulo/PUC-SP/Unreal Projects/Ghost-House/GhostHouse/Saved/Config/Windows/Scalability.ini]
[2022.12.03-04.11.18:030][  0]LogConfig: Setting CVar [[r.TranslucencyLightingVolumeDim:64]]
[2022.12.03-04.11.18:030][  0]LogConfig: Setting CVar [[r.RefractionQuality:2]]
[2022.12.03-04.11.18:030][  0]LogConfig: Setting CVar [[r.SSR.Quality:3]]
[2022.12.03-04.11.18:030][  0]LogConfig: Setting CVar [[r.SSR.HalfResSceneColor:0]]
[2022.12.03-04.11.18:030][  0]LogConfig: Setting CVar [[r.SceneColorFormat:4]]
[2022.12.03-04.11.18:030][  0]LogConfig: Setting CVar [[r.DetailMode:2]]
[2022.12.03-04.11.18:030][  0]LogConfig: Setting CVar [[r.TranslucencyVolumeBlur:1]]
[2022.12.03-04.11.18:030][  0]LogConfig: Setting CVar [[r.MaterialQualityLevel:1 ; High quality]]
[2022.12.03-04.11.18:030][  0]LogConfig: Setting CVar [[r.AnisotropicMaterials:1]]
[2022.12.03-04.11.18:030][  0]LogConfig: Setting CVar [[r.SSS.Scale:1]]
[2022.12.03-04.11.18:030][  0]LogConfig: Setting CVar [[r.SSS.SampleSet:2]]
[2022.12.03-04.11.18:030][  0]LogConfig: Setting CVar [[r.SSS.Quality:1]]
[2022.12.03-04.11.18:030][  0]LogConfig: Setting CVar [[r.SSS.HalfRes:0]]
[2022.12.03-04.11.18:030][  0]LogConfig: Setting CVar [[r.SSGI.Quality:3]]
[2022.12.03-04.11.18:030][  0]LogConfig: Setting CVar [[r.EmitterSpawnRateScale:1.0]]
[2022.12.03-04.11.18:030][  0]LogConfig: Setting CVar [[r.ParticleLightQuality:2]]
[2022.12.03-04.11.18:030][  0]LogConfig: Setting CVar [[r.SkyAtmosphere.AerialPerspectiveLUT.FastApplyOnOpaque:1 ; Always have FastSkyLUT 1 in this case to avoid wrong sky]]
[2022.12.03-04.11.18:030][  0]LogConfig: Setting CVar [[r.SkyAtmosphere.AerialPerspectiveLUT.SampleCountMaxPerSlice:4]]
[2022.12.03-04.11.18:030][  0]LogConfig: Setting CVar [[r.SkyAtmosphere.AerialPerspectiveLUT.DepthResolution:16.0]]
[2022.12.03-04.11.18:030][  0]LogConfig: Setting CVar [[r.SkyAtmosphere.FastSkyLUT:1]]
[2022.12.03-04.11.18:031][  0]LogConfig: Setting CVar [[r.SkyAtmosphere.FastSkyLUT.SampleCountMin:4.0]]
[2022.12.03-04.11.18:031][  0]LogConfig: Setting CVar [[r.SkyAtmosphere.FastSkyLUT.SampleCountMax:128.0]]
[2022.12.03-04.11.18:031][  0]LogConfig: Setting CVar [[r.SkyAtmosphere.SampleCountMin:4.0]]
[2022.12.03-04.11.18:031][  0]LogConfig: Setting CVar [[r.SkyAtmosphere.SampleCountMax:128.0]]
[2022.12.03-04.11.18:031][  0]LogConfig: Setting CVar [[r.SkyAtmosphere.TransmittanceLUT.UseSmallFormat:0]]
[2022.12.03-04.11.18:031][  0]LogConfig: Setting CVar [[r.SkyAtmosphere.TransmittanceLUT.SampleCount:10.0]]
[2022.12.03-04.11.18:031][  0]LogConfig: Setting CVar [[r.SkyAtmosphere.MultiScatteringLUT.SampleCount:15.0]]
[2022.12.03-04.11.18:031][  0]LogConfig: Setting CVar [[r.SkyLight.RealTimeReflectionCapture:1]]
[2022.12.03-04.11.18:031][  0]LogConfig: Applying CVar settings from Section [FoliageQuality@3] File [C:/Users/Yuri Benassi/OneDrive - Fundação São Paulo/PUC-SP/Unreal Projects/Ghost-House/GhostHouse/Saved/Config/Windows/Scalability.ini]
[2022.12.03-04.11.18:031][  0]LogConfig: Setting CVar [[foliage.DensityScale:1.0]]
[2022.12.03-04.11.18:031][  0]LogConfig: Setting CVar [[grass.DensityScale:1.0]]
[2022.12.03-04.11.18:031][  0]LogConfig: Applying CVar settings from Section [ShadingQuality@3] File [C:/Users/Yuri Benassi/OneDrive - Fundação São Paulo/PUC-SP/Unreal Projects/Ghost-House/GhostHouse/Saved/Config/Windows/Scalability.ini]
[2022.12.03-04.11.18:031][  0]LogConfig: Setting CVar [[r.HairStrands.SkyLighting.IntegrationType:2]]
[2022.12.03-04.11.18:031][  0]LogConfig: Setting CVar [[r.HairStrands.SkyAO.SampleCount:4]]
[2022.12.03-04.11.18:031][  0]LogConfig: Setting CVar [[r.HairStrands.Visibility.MSAA.SamplePerPixel:4]]
[2022.12.03-04.11.18:031][  0]LogInit: Selected Device Profile: [Windows]
[2022.12.03-04.11.18:031][  0]LogInit: Applying CVar settings loaded from the selected device profile: [Windows]
[2022.12.03-04.11.18:031][  0]LogHAL: Display: Platform has ~ 16 GB [17092767744 / 17179869184 / 16], which maps to Larger [LargestMinGB=32, LargerMinGB=12, DefaultMinGB=8, SmallerMinGB=6, SmallestMinGB=0)
[2022.12.03-04.11.18:031][  0]LogInit: Going up to parent DeviceProfile []
[2022.12.03-04.11.18:031][  0]LogConfig: Applying CVar settings from Section [ViewDistanceQuality@3] File [C:/Users/Yuri Benassi/OneDrive - Fundação São Paulo/PUC-SP/Unreal Projects/Ghost-House/GhostHouse/Saved/Config/Windows/Scalability.ini]
[2022.12.03-04.11.18:031][  0]LogConfig: Setting CVar [[r.SkeletalMeshLODBias:0]]
[2022.12.03-04.11.18:031][  0]LogConfig: Setting CVar [[r.ViewDistanceScale:1.0]]
[2022.12.03-04.11.18:031][  0]LogConfig: Applying CVar settings from Section [AntiAliasingQuality@3] File [C:/Users/Yuri Benassi/OneDrive - Fundação São Paulo/PUC-SP/Unreal Projects/Ghost-House/GhostHouse/Saved/Config/Windows/Scalability.ini]
[2022.12.03-04.11.18:031][  0]LogConfig: Setting CVar [[r.PostProcessAAQuality:4]]
[2022.12.03-04.11.18:031][  0]LogConfig: Applying CVar settings from Section [ShadowQuality@3] File [C:/Users/Yuri Benassi/OneDrive - Fundação São Paulo/PUC-SP/Unreal Projects/Ghost-House/GhostHouse/Saved/Config/Windows/Scalability.ini]
[2022.12.03-04.11.18:031][  0]LogConfig: Setting CVar [[r.LightFunctionQuality:1]]
[2022.12.03-04.11.18:031][  0]LogConfig: Setting CVar [[r.ShadowQuality:5]]
[2022.12.03-04.11.18:031][  0]LogConfig: Setting CVar [[r.Shadow.CSM.MaxCascades:10]]
[2022.12.03-04.11.18:031][  0]LogConfig: Setting CVar [[r.Shadow.MaxResolution:2048]]
[2022.12.03-04.11.18:031][  0]LogConfig: Setting CVar [[r.Shadow.MaxCSMResolution:2048]]
[2022.12.03-04.11.18:031][  0]LogConfig: Setting CVar [[r.Shadow.RadiusThreshold:0.01]]
[2022.12.03-04.11.18:031][  0]LogConfig: Setting CVar [[r.Shadow.DistanceScale:1.0]]
[2022.12.03-04.11.18:031][  0]LogConfig: Setting CVar [[r.Shadow.CSM.TransitionScale:1.0]]
[2022.12.03-04.11.18:031][  0]LogConfig: Setting CVar [[r.Shadow.PreShadowResolutionFactor:1.0]]
[2022.12.03-04.11.18:031][  0]LogConfig: Setting CVar [[r.DistanceFieldShadowing:1]]
[2022.12.03-04.11.18:031][  0]LogConfig: Setting CVar [[r.DistanceFieldAO:1]]
[2022.12.03-04.11.18:031][  0]LogConfig: Setting CVar [[r.AOQuality:2]]
[2022.12.03-04.11.18:031][  0]LogConfig: Setting CVar [[r.VolumetricFog:1]]
[2022.12.03-04.11.18:031][  0]LogConfig: Setting CVar [[r.VolumetricFog.GridPixelSize:8]]
[2022.12.03-04.11.18:031][  0]LogConfig: Setting CVar [[r.VolumetricFog.GridSizeZ:128]]
[2022.12.03-04.11.18:031][  0]LogConfig: Setting CVar [[r.VolumetricFog.HistoryMissSupersampleCount:4]]
[2022.12.03-04.11.18:031][  0]LogConfig: Setting CVar [[r.LightMaxDrawDistanceScale:1]]
[2022.12.03-04.11.18:031][  0]LogConfig: Setting CVar [[r.CapsuleShadows:1]]
[2022.12.03-04.11.18:031][  0]LogConfig: Applying CVar settings from Section [PostProcessQuality@3] File [C:/Users/Yuri Benassi/OneDrive - Fundação São Paulo/PUC-SP/Unreal Projects/Ghost-House/GhostHouse/Saved/Config/Windows/Scalability.ini]
[2022.12.03-04.11.18:031][  0]LogConfig: Setting CVar [[r.MotionBlurQuality:4]]
[2022.12.03-04.11.18:031][  0]LogConfig: Setting CVar [[r.AmbientOcclusionMipLevelFactor:0.4]]
[2022.12.03-04.11.18:031][  0]LogConfig: Setting CVar [[r.AmbientOcclusionMaxQuality:100]]
[2022.12.03-04.11.18:031][  0]LogConfig: Setting CVar [[r.AmbientOcclusionLevels:-1]]
[2022.12.03-04.11.18:031][  0]LogConfig: Setting CVar [[r.AmbientOcclusionRadiusScale:1.0]]
[2022.12.03-04.11.18:031][  0]LogConfig: Setting CVar [[r.DepthOfFieldQuality:2]]
[2022.12.03-04.11.18:031][  0]LogConfig: Setting CVar [[r.RenderTargetPoolMin:400]]
[2022.12.03-04.11.18:031][  0]LogConfig: Setting CVar [[r.LensFlareQuality:2]]
[2022.12.03-04.11.18:031][  0]LogConfig: Setting CVar [[r.SceneColorFringeQuality:1]]
[2022.12.03-04.11.18:031][  0]LogConfig: Setting CVar [[r.EyeAdaptationQuality:2]]
[2022.12.03-04.11.18:031][  0]LogConfig: Setting CVar [[r.BloomQuality:5]]
[2022.12.03-04.11.18:031][  0]LogConfig: Setting CVar [[r.FastBlurThreshold:100]]
[2022.12.03-04.11.18:031][  0]LogConfig: Setting CVar [[r.Upscale.Quality:3]]
[2022.12.03-04.11.18:031][  0]LogConfig: Setting CVar [[r.Tonemapper.GrainQuantization:1]]
[2022.12.03-04.11.18:031][  0]LogConfig: Setting CVar [[r.LightShaftQuality:1]]
[2022.12.03-04.11.18:031][  0]LogConfig: Setting CVar [[r.Filter.SizeScale:1]]
[2022.12.03-04.11.18:031][  0]LogConfig: Setting CVar [[r.Tonemapper.Quality:5]]
[2022.12.03-04.11.18:031][  0]LogConfig: Setting CVar [[r.DOF.Gather.AccumulatorQuality:1        ; higher gathering accumulator quality]]
[2022.12.03-04.11.18:031][  0]LogConfig: Setting CVar [[r.DOF.Gather.PostfilterMethod:1          ; Median3x3 postfilering method]]
[2022.12.03-04.11.18:031][  0]LogConfig: Setting CVar [[r.DOF.Gather.EnableBokehSettings:0       ; no bokeh simulation when gathering]]
[2022.12.03-04.11.18:031][  0]LogConfig: Setting CVar [[r.DOF.Gather.RingCount:4                 ; medium number of samples when gathering]]
[2022.12.03-04.11.18:031][  0]LogConfig: Setting CVar [[r.DOF.Scatter.ForegroundCompositing:1    ; additive foreground scattering]]
[2022.12.03-04.11.18:031][  0]LogConfig: Setting CVar [[r.DOF.Scatter.BackgroundCompositing:2    ; additive background scattering]]
[2022.12.03-04.11.18:031][  0]LogConfig: Setting CVar [[r.DOF.Scatter.EnableBokehSettings:1      ; bokeh simulation when scattering]]
[2022.12.03-04.11.18:031][  0]LogConfig: Setting CVar [[r.DOF.Scatter.MaxSpriteRatio:0.1         ; only a maximum of 10% of scattered bokeh]]
[2022.12.03-04.11.18:031][  0]LogConfig: Setting CVar [[r.DOF.Recombine.Quality:1                ; cheap slight out of focus]]
[2022.12.03-04.11.18:031][  0]LogConfig: Setting CVar [[r.DOF.Recombine.EnableBokehSettings:0    ; no bokeh simulation on slight out of focus]]
[2022.12.03-04.11.18:031][  0]LogConfig: Setting CVar [[r.DOF.TemporalAAQuality:1                ; more stable temporal accumulation]]
[2022.12.03-04.11.18:032][  0]LogConfig: Setting CVar [[r.DOF.Kernel.MaxForegroundRadius:0.025]]
[2022.12.03-04.11.18:032][  0]LogConfig: Setting CVar [[r.DOF.Kernel.MaxBackgroundRadius:0.025]]
[2022.12.03-04.11.18:032][  0]LogConfig: Applying CVar settings from Section [TextureQuality@3] File [C:/Users/Yuri Benassi/OneDrive - Fundação São Paulo/PUC-SP/Unreal Projects/Ghost-House/GhostHouse/Saved/Config/Windows/Scalability.ini]
[2022.12.03-04.11.18:032][  0]LogConfig: Setting CVar [[r.Streaming.MipBias:0]]
[2022.12.03-04.11.18:032][  0]LogConfig: Setting CVar [[r.Streaming.AmortizeCPUToGPUCopy:0]]
[2022.12.03-04.11.18:032][  0]LogConfig: Setting CVar [[r.Streaming.MaxNumTexturesToStreamPerFrame:0]]
[2022.12.03-04.11.18:032][  0]LogConfig: Setting CVar [[r.Streaming.Boost:1]]
[2022.12.03-04.11.18:032][  0]LogConfig: Setting CVar [[r.MaxAnisotropy:8]]
[2022.12.03-04.11.18:032][  0]LogConfig: Setting CVar [[r.VT.MaxAnisotropy:8]]
[2022.12.03-04.11.18:032][  0]LogConfig: Setting CVar [[r.Streaming.LimitPoolSizeToVRAM:0]]
[2022.12.03-04.11.18:032][  0]LogConfig: Setting CVar [[r.Streaming.PoolSize:1000]]
[2022.12.03-04.11.18:032][  0]LogConfig: Setting CVar [[r.Streaming.MaxEffectiveScreenSize:0]]
[2022.12.03-04.11.18:032][  0]LogConfig: Applying CVar settings from Section [EffectsQuality@3] File [C:/Users/Yuri Benassi/OneDrive - Fundação São Paulo/PUC-SP/Unreal Projects/Ghost-House/GhostHouse/Saved/Config/Windows/Scalability.ini]
[2022.12.03-04.11.18:032][  0]LogConfig: Setting CVar [[r.TranslucencyLightingVolumeDim:64]]
[2022.12.03-04.11.18:032][  0]LogConfig: Setting CVar [[r.RefractionQuality:2]]
[2022.12.03-04.11.18:032][  0]LogConfig: Setting CVar [[r.SSR.Quality:3]]
[2022.12.03-04.11.18:032][  0]LogConfig: Setting CVar [[r.SSR.HalfResSceneColor:0]]
[2022.12.03-04.11.18:032][  0]LogConfig: Setting CVar [[r.SceneColorFormat:4]]
[2022.12.03-04.11.18:032][  0]LogConfig: Setting CVar [[r.DetailMode:2]]
[2022.12.03-04.11.18:032][  0]LogConfig: Setting CVar [[r.TranslucencyVolumeBlur:1]]
[2022.12.03-04.11.18:032][  0]LogConfig: Setting CVar [[r.MaterialQualityLevel:1 ; High quality]]
[2022.12.03-04.11.18:032][  0]LogConfig: Setting CVar [[r.AnisotropicMaterials:1]]
[2022.12.03-04.11.18:032][  0]LogConfig: Setting CVar [[r.SSS.Scale:1]]
[2022.12.03-04.11.18:032][  0]LogConfig: Setting CVar [[r.SSS.SampleSet:2]]
[2022.12.03-04.11.18:032][  0]LogConfig: Setting CVar [[r.SSS.Quality:1]]
[2022.12.03-04.11.18:032][  0]LogConfig: Setting CVar [[r.SSS.HalfRes:0]]
[2022.12.03-04.11.18:032][  0]LogConfig: Setting CVar [[r.SSGI.Quality:3]]
[2022.12.03-04.11.18:032][  0]LogConfig: Setting CVar [[r.EmitterSpawnRateScale:1.0]]
[2022.12.03-04.11.18:032][  0]LogConfig: Setting CVar [[r.ParticleLightQuality:2]]
[2022.12.03-04.11.18:032][  0]LogConfig: Setting CVar [[r.SkyAtmosphere.AerialPerspectiveLUT.FastApplyOnOpaque:1 ; Always have FastSkyLUT 1 in this case to avoid wrong sky]]
[2022.12.03-04.11.18:032][  0]LogConfig: Setting CVar [[r.SkyAtmosphere.AerialPerspectiveLUT.SampleCountMaxPerSlice:4]]
[2022.12.03-04.11.18:032][  0]LogConfig: Setting CVar [[r.SkyAtmosphere.AerialPerspectiveLUT.DepthResolution:16.0]]
[2022.12.03-04.11.18:032][  0]LogConfig: Setting CVar [[r.SkyAtmosphere.FastSkyLUT:1]]
[2022.12.03-04.11.18:032][  0]LogConfig: Setting CVar [[r.SkyAtmosphere.FastSkyLUT.SampleCountMin:4.0]]
[2022.12.03-04.11.18:032][  0]LogConfig: Setting CVar [[r.SkyAtmosphere.FastSkyLUT.SampleCountMax:128.0]]
[2022.12.03-04.11.18:032][  0]LogConfig: Setting CVar [[r.SkyAtmosphere.SampleCountMin:4.0]]
[2022.12.03-04.11.18:032][  0]LogConfig: Setting CVar [[r.SkyAtmosphere.SampleCountMax:128.0]]
[2022.12.03-04.11.18:032][  0]LogConfig: Setting CVar [[r.SkyAtmosphere.TransmittanceLUT.UseSmallFormat:0]]
[2022.12.03-04.11.18:032][  0]LogConfig: Setting CVar [[r.SkyAtmosphere.TransmittanceLUT.SampleCount:10.0]]
[2022.12.03-04.11.18:032][  0]LogConfig: Setting CVar [[r.SkyAtmosphere.MultiScatteringLUT.SampleCount:15.0]]
[2022.12.03-04.11.18:032][  0]LogConfig: Setting CVar [[r.SkyLight.RealTimeReflectionCapture:1]]
[2022.12.03-04.11.18:032][  0]LogConfig: Applying CVar settings from Section [FoliageQuality@3] File [C:/Users/Yuri Benassi/OneDrive - Fundação São Paulo/PUC-SP/Unreal Projects/Ghost-House/GhostHouse/Saved/Config/Windows/Scalability.ini]
[2022.12.03-04.11.18:032][  0]LogConfig: Setting CVar [[foliage.DensityScale:1.0]]
[2022.12.03-04.11.18:032][  0]LogConfig: Setting CVar [[grass.DensityScale:1.0]]
[2022.12.03-04.11.18:032][  0]LogConfig: Applying CVar settings from Section [ShadingQuality@3] File [C:/Users/Yuri Benassi/OneDrive - Fundação São Paulo/PUC-SP/Unreal Projects/Ghost-House/GhostHouse/Saved/Config/Windows/Scalability.ini]
[2022.12.03-04.11.18:032][  0]LogConfig: Setting CVar [[r.HairStrands.SkyLighting.IntegrationType:2]]
[2022.12.03-04.11.18:032][  0]LogConfig: Setting CVar [[r.HairStrands.SkyAO.SampleCount:4]]
[2022.12.03-04.11.18:032][  0]LogConfig: Setting CVar [[r.HairStrands.Visibility.MSAA.SamplePerPixel:4]]
[2022.12.03-04.11.18:032][  0]LogConfig: Applying CVar settings from Section [Startup] File [../../../Engine/Config/ConsoleVariables.ini]
[2022.12.03-04.11.18:032][  0]LogConfig: Setting CVar [[net.UseAdaptiveNetUpdateFrequency:0]]
[2022.12.03-04.11.18:032][  0]LogConfig: Setting CVar [[p.chaos.AllowCreatePhysxBodies:1]]
[2022.12.03-04.11.18:032][  0]LogConfig: Setting CVar [[fx.SkipVectorVMBackendOptimizations:1]]
[2022.12.03-04.11.18:032][  0]LogConfig: Applying CVar settings from Section [ConsoleVariables] File [C:/Users/Yuri Benassi/OneDrive - Fundação São Paulo/PUC-SP/Unreal Projects/Ghost-House/GhostHouse/Saved/Config/Windows/Engine.ini]
[2022.12.03-04.11.18:032][  0]LogConfig: Applying CVar settings from Section [ConsoleVariables] File [C:/Users/Yuri Benassi/OneDrive - Fundação São Paulo/PUC-SP/Unreal Projects/Ghost-House/GhostHouse/Saved/Config/Windows/Editor.ini]
[2022.12.03-04.11.18:032][  0]LogInit: Computer: DESKTOP-GA9VGS5
[2022.12.03-04.11.18:032][  0]LogInit: User: YuriBenassi
[2022.12.03-04.11.18:032][  0]LogInit: CPU Page size=4096, Cores=6
[2022.12.03-04.11.18:032][  0]LogInit: High frequency timer resolution =10.000000 MHz
[2022.12.03-04.11.18:033][  0]LogMemory: Memory total: Physical=15.9GB (16GB approx)
[2022.12.03-04.11.18:033][  0]LogMemory: Platform Memory Stats for Windows
[2022.12.03-04.11.18:033][  0]LogMemory: Process Physical Memory: 146.17 MB used, 146.17 MB peak
[2022.12.03-04.11.18:033][  0]LogMemory: Process Virtual Memory: 118.27 MB used, 118.27 MB peak
[2022.12.03-04.11.18:033][  0]LogMemory: Physical Memory: 6716.39 MB used,  9584.54 MB free, 16300.93 MB total
[2022.12.03-04.11.18:033][  0]LogMemory: Virtual Memory: 134208712.00 MB used,  9019.73 MB free, 134217728.00 MB total
[2022.12.03-04.11.18:038][  0]LogWindows: WindowsPlatformFeatures enabled
[2022.12.03-04.11.18:058][  0]LogInit: Physics initialised using underlying interface: PhysX
[2022.12.03-04.11.18:059][  0]LogInit: Overriding language with editor language configuration option (en).
[2022.12.03-04.11.18:059][  0]LogInit: Overriding language with editor locale configuration option (en).
[2022.12.03-04.11.18:269][  0]LogInit: Setting process to per monitor DPI aware
[2022.12.03-04.11.18:283][  0]LogWindowsTextInputMethodSystem: Display: IME system deactivated.
[2022.12.03-04.11.25:451][  0]LogSlate: New Slate User Created.  User Index 0, Is Virtual User: 0
[2022.12.03-04.11.25:451][  0]LogSlate: Slate User Registered.  User Index 0, Is Virtual User: 0
[2022.12.03-04.11.25:570][  0]LogD3D11RHI: Loaded GFSDK_Aftermath_Lib.x64.dll
[2022.12.03-04.11.25:573][  0]LogHMD: Failed to initialize OpenVR with code 110
[2022.12.03-04.11.25:573][  0]LogD3D11RHI: D3D11 min allowed feature level: 11_0
[2022.12.03-04.11.25:573][  0]LogD3D11RHI: D3D11 max allowed feature level: 11_0
[2022.12.03-04.11.25:573][  0]LogD3D11RHI: D3D11 adapters:
[2022.12.03-04.11.26:616][  0]LogD3D11RHI:    0. 'NVIDIA Quadro K5000' (Feature Level 11_0)
[2022.12.03-04.11.26:616][  0]LogD3D11RHI:       4052/0/8150 MB DedicatedVideo/DedicatedSystem/SharedSystem, Outputs:2, VendorId:0x10de
[2022.12.03-04.11.26:619][  0]LogD3D11RHI:    1. 'Microsoft Basic Render Driver' (Feature Level 11_0)
[2022.12.03-04.11.26:619][  0]LogD3D11RHI:       0/0/8150 MB DedicatedVideo/DedicatedSystem/SharedSystem, Outputs:0, VendorId:0x1414
[2022.12.03-04.11.26:619][  0]LogD3D11RHI: Chosen D3D11 Adapter:
[2022.12.03-04.11.26:619][  0]LogD3D11RHI:     Description : NVIDIA Quadro K5000
[2022.12.03-04.11.26:619][  0]LogD3D11RHI:     VendorId    : 10de
[2022.12.03-04.11.26:619][  0]LogD3D11RHI:     DeviceId    : 11ba
[2022.12.03-04.11.26:619][  0]LogD3D11RHI:     SubSysId    : 965103c
[2022.12.03-04.11.26:619][  0]LogD3D11RHI:     Revision    : 00a1
[2022.12.03-04.11.26:619][  0]LogD3D11RHI:     DedicatedVideoMemory : 4249223168 bytes
[2022.12.03-04.11.26:619][  0]LogD3D11RHI:     DedicatedSystemMemory : 0 bytes
[2022.12.03-04.11.26:619][  0]LogD3D11RHI:     SharedSystemMemory : 8546383872 bytes
[2022.12.03-04.11.26:619][  0]LogD3D11RHI:     AdapterLuid : 0 148200
[2022.12.03-04.11.26:625][  0]LogD3D11RHI: Creating new Direct3DDevice
[2022.12.03-04.11.26:625][  0]LogD3D11RHI:     GPU DeviceId: 0x11ba (for the marketing name, search the web for "GPU Device Id")
[2022.12.03-04.11.26:625][  0]LogWindows: EnumDisplayDevices:
[2022.12.03-04.11.26:625][  0]LogWindows:    0. 'NVIDIA Quadro K5000' (P:0 D:1)
[2022.12.03-04.11.26:626][  0]LogWindows:    1. 'NVIDIA Quadro K5000' (P:1 D:1)
[2022.12.03-04.11.26:626][  0]LogWindows:    2. 'NVIDIA Quadro K5000' (P:0 D:0)
[2022.12.03-04.11.26:626][  0]LogWindows:    3. 'NVIDIA Quadro K5000' (P:0 D:0)
[2022.12.03-04.11.26:626][  0]LogWindows: DebugString: FoundDriverCount:4 
[2022.12.03-04.11.26:626][  0]LogD3D11RHI:     Adapter Name: NVIDIA Quadro K5000
[2022.12.03-04.11.26:626][  0]LogD3D11RHI:   Driver Version: 472.98 (internal:30.0.14.7298, unified:472.98)
[2022.12.03-04.11.26:626][  0]LogD3D11RHI:      Driver Date: 1-5-2022
[2022.12.03-04.11.26:626][  0]LogRHI: Texture pool is 2836 MB (70% of 4052 MB)
[2022.12.03-04.11.26:626][  0]LogD3D11RHI: Creating D3DDevice using adapter:
[2022.12.03-04.11.26:626][  0]LogD3D11RHI:     Description : NVIDIA Quadro K5000
[2022.12.03-04.11.26:626][  0]LogD3D11RHI:     VendorId    : 10de
[2022.12.03-04.11.26:626][  0]LogD3D11RHI:     DeviceId    : 11ba
[2022.12.03-04.11.26:626][  0]LogD3D11RHI:     SubSysId    : 965103c
[2022.12.03-04.11.26:626][  0]LogD3D11RHI:     Revision    : 00a1
[2022.12.03-04.11.26:626][  0]LogD3D11RHI:     DedicatedVideoMemory : 4249223168 bytes
[2022.12.03-04.11.26:626][  0]LogD3D11RHI:     DedicatedSystemMemory : 0 bytes
[2022.12.03-04.11.26:626][  0]LogD3D11RHI:     SharedSystemMemory : 8546383872 bytes
[2022.12.03-04.11.26:626][  0]LogD3D11RHI:     AdapterLuid : 0 148200
[2022.12.03-04.11.26:710][  0]LogD3D11RHI: RHI does not have support for 64 bit atomics
[2022.12.03-04.11.26:710][  0]LogD3D11RHI: Async texture creation enabled
[2022.12.03-04.11.26:742][  0]LogD3D11RHI: GPU Timing Frequency: 1000.000000 (Debug: 2 2)
[2022.12.03-04.11.26:787][  0]LogRHI: GeForceNow SDK initialized: 1
[2022.12.03-04.11.28:850][  0]LogTargetPlatformManager: Display: Loaded TargetPlatform 'AllDesktop'
[2022.12.03-04.11.28:871][  0]LogTargetPlatformManager: Display: Loaded TargetPlatform 'Android'
[2022.12.03-04.11.28:871][  0]LogTargetPlatformManager: Display: Loaded TargetPlatform 'Android_ASTC'
[2022.12.03-04.11.28:871][  0]LogTargetPlatformManager: Display: Loaded TargetPlatform 'Android_DXT'
[2022.12.03-04.11.28:871][  0]LogTargetPlatformManager: Display: Loaded TargetPlatform 'Android_ETC2'
[2022.12.03-04.11.28:871][  0]LogTargetPlatformManager: Display: Loaded TargetPlatform 'AndroidClient'
[2022.12.03-04.11.28:871][  0]LogTargetPlatformManager: Display: Loaded TargetPlatform 'Android_ASTCClient'
[2022.12.03-04.11.28:871][  0]LogTargetPlatformManager: Display: Loaded TargetPlatform 'Android_DXTClient'
[2022.12.03-04.11.28:871][  0]LogTargetPlatformManager: Display: Loaded TargetPlatform 'Android_ETC2Client'
[2022.12.03-04.11.28:871][  0]LogTargetPlatformManager: Display: Loaded TargetPlatform 'Android_Multi'
[2022.12.03-04.11.28:871][  0]LogTargetPlatformManager: Display: Loaded TargetPlatform 'Android_MultiClient'
[2022.12.03-04.11.28:888][  0]LogTargetPlatformManager: Display: Loaded TargetPlatform 'IOSClient'
[2022.12.03-04.11.28:888][  0]LogTargetPlatformManager: Display: Loaded TargetPlatform 'IOS'
[2022.12.03-04.11.28:898][  0]LogTargetPlatformManager: Display: Loaded TargetPlatform 'Linux'
[2022.12.03-04.11.28:902][  0]LogTargetPlatformManager: Display: Loaded TargetPlatform 'LinuxNoEditor'
[2022.12.03-04.11.28:906][  0]LogTargetPlatformManager: Display: Loaded TargetPlatform 'LinuxClient'
[2022.12.03-04.11.28:911][  0]LogTargetPlatformManager: Display: Loaded TargetPlatform 'LinuxServer'
[2022.12.03-04.11.28:920][  0]LogTargetPlatformManager: Display: Loaded TargetPlatform 'LinuxAArch64NoEditor'
[2022.12.03-04.11.28:924][  0]LogTargetPlatformManager: Display: Loaded TargetPlatform 'LinuxAArch64Client'
[2022.12.03-04.11.28:928][  0]LogTargetPlatformManager: Display: Loaded TargetPlatform 'LinuxAArch64Server'
[2022.12.03-04.11.28:952][  0]LogTargetPlatformManager: Display: Loaded TargetPlatform 'Lumin'
[2022.12.03-04.11.28:952][  0]LogTargetPlatformManager: Display: Loaded TargetPlatform 'LuminClient'
[2022.12.03-04.11.28:960][  0]LogTargetPlatformManager: Display: Loaded TargetPlatform 'MacNoEditor'
[2022.12.03-04.11.28:964][  0]LogTargetPlatformManager: Display: Loaded TargetPlatform 'Mac'
[2022.12.03-04.11.28:968][  0]LogTargetPlatformManager: Display: Loaded TargetPlatform 'MacClient'
[2022.12.03-04.11.28:973][  0]LogTargetPlatformManager: Display: Loaded TargetPlatform 'MacServer'
[2022.12.03-04.11.28:982][  0]LogTargetPlatformManager: Display: Loaded TargetPlatform 'TVOSClient'
[2022.12.03-04.11.28:982][  0]LogTargetPlatformManager: Display: Loaded TargetPlatform 'TVOS'
[2022.12.03-04.11.28:990][  0]LogTargetPlatformManager: Display: Loaded TargetPlatform 'WindowsNoEditor'
[2022.12.03-04.11.28:995][  0]LogTargetPlatformManager: Display: Loaded TargetPlatform 'Windows'
[2022.12.03-04.11.28:999][  0]LogTargetPlatformManager: Display: Loaded TargetPlatform 'WindowsClient'
[2022.12.03-04.11.29:003][  0]LogTargetPlatformManager: Display: Loaded TargetPlatform 'WindowsServer'
[2022.12.03-04.11.29:003][  0]LogTargetPlatformManager: Display: Building Assets For Windows
[2022.12.03-04.11.29:010][  0]LogAudioDebug: Display: Lib vorbis DLL was dynamically loaded.
[2022.12.03-04.11.29:039][  0]LogTextureFormatOodle: Display: Oodle Texture 2.9.0 init RDO Off
[2022.12.03-04.11.29:070][  0]LogRendererCore: Ray tracing is disabled. Reason: r.RayTracing=0.
[2022.12.03-04.11.29:070][  0]LogShaderCompilers: Guid format shader working directory is -45 characters bigger than the processId version (C:/Users/Yuri Benassi/OneDrive - Fundação São Paulo/PUC-SP/Unreal Projects/Ghost-House/GhostHouse/Intermediate/Shaders/WorkingDirectory/20452/).
[2022.12.03-04.11.29:070][  0]LogShaderCompilers: Cleaned the shader compiler working directory 'C:/Users/Yuri Benassi/AppData/Local/Temp/UnrealShaderWorkingDir/D84051464AB4AA8049F35B85484EA0FE/'.
[2022.12.03-04.11.29:070][  0]LogXGEController: Cannot use XGE Controller as Incredibuild is not installed on this machine.
[2022.12.03-04.11.29:070][  0]LogShaderCompilers: Cannot use XGE Shader Compiler as Incredibuild is not installed on this machine.
[2022.12.03-04.11.29:070][  0]LogShaderCompilers: Display: Using Local Shader Compiler.
[2022.12.03-04.11.29:809][  0]LogDerivedDataCache: Display: Max Cache Size: 512 MB
[2022.12.03-04.11.33:933][  0]LogDerivedDataCache: Loaded boot cache 1.98s 94MB C:/Users/Yuri Benassi/AppData/Local/UnrealEngine/4.27/DerivedDataCache/Boot.ddc.
[2022.12.03-04.11.34:734][  0]LogDerivedDataCache: Display: Loaded Boot cache: C:/Users/Yuri Benassi/AppData/Local/UnrealEngine/4.27/DerivedDataCache/Boot.ddc
[2022.12.03-04.11.34:734][  0]LogDerivedDataCache: FDerivedDataBackendGraph:  Pak pak cache file C:/Users/Yuri Benassi/OneDrive - Fundação São Paulo/PUC-SP/Unreal Projects/Ghost-House/GhostHouse/DerivedDataCache/DDC.ddp not found, will not use a pak cache.
[2022.12.03-04.11.34:734][  0]LogDerivedDataCache: Unable to find inner node Pak for hierarchical cache Hierarchy.
[2022.12.03-04.11.34:734][  0]LogDerivedDataCache: FDerivedDataBackendGraph:  CompressedPak pak cache file C:/Users/Yuri Benassi/OneDrive - Fundação São Paulo/PUC-SP/Unreal Projects/Ghost-House/GhostHouse/DerivedDataCache/Compressed.ddp not found, will not use a pak cache.
[2022.12.03-04.11.34:734][  0]LogDerivedDataCache: Unable to find inner node CompressedPak for hierarchical cache Hierarchy.
[2022.12.03-04.11.34:750][  0]LogDerivedDataCache: Display: Pak cache opened for reading ../../../Engine/DerivedDataCache/Compressed.ddp.
[2022.12.03-04.11.34:750][  0]LogDerivedDataCache: FDerivedDataBackendGraph:  EnterprisePak pak cache file ../../../Enterprise/DerivedDataCache/Compressed.ddp not found, will not use a pak cache.
[2022.12.03-04.11.34:750][  0]LogDerivedDataCache: Unable to find inner node EnterprisePak for hierarchical cache Hierarchy.
[2022.12.03-04.11.41:387][  0]LogDerivedDataCache: Speed tests for C:/Users/Yuri Benassi/AppData/Local/UnrealEngine/Common/DerivedDataCache took 6.64 seconds
[2022.12.03-04.11.41:387][  0]LogDerivedDataCache: Display: Performance to C:/Users/Yuri Benassi/AppData/Local/UnrealEngine/Common/DerivedDataCache: Latency=0.04ms. RandomReadSpeed=743.33MBs, RandomWriteSpeed=0.14MBs. Assigned SpeedClass 'Local'
[2022.12.03-04.11.41:387][  0]LogDerivedDataCache: Using Local data cache path C:/Users/Yuri Benassi/AppData/Local/UnrealEngine/Common/DerivedDataCache: Writable
[2022.12.03-04.11.41:388][  0]LogDerivedDataCache: Shared data cache path not found in *engine.ini, will not use an Shared cache.
[2022.12.03-04.11.41:388][  0]LogDerivedDataCache: Unable to find inner node Shared for hierarchical cache Hierarchy.
[2022.12.03-04.11.41:436][  0]LogSlate: Using FreeType 2.10.0
[2022.12.03-04.11.41:436][  0]LogSlate: SlateFontServices - WITH_FREETYPE: 1, WITH_HARFBUZZ: 1
[2022.12.03-04.11.41:459][  0]LogAssetRegistry: FAssetRegistry took 0.0026 seconds to start up
[2022.12.03-04.11.41:694][  0]LogInit: Selected Device Profile: [Windows]
[2022.12.03-04.11.41:694][  0]LogInit: Active device profile: [00000193E951EB00][00000193DB4A0F80 49] Windows
[2022.12.03-04.11.41:694][  0]LogInit: Profiles: [00000193E951EB00][00000193DB4A0F80 49] Windows, [00000193E94B5900][00000193DB4A9240 49] WindowsNoEditor, [00000193E951E000][00000193DB4AD500 49] WindowsServer, [00000193E94B6300][00000193E9FAD7C0 49] WindowsClient, [00000193E951DA00][00000193E9FB1A80 49] IOS, [00000193E94B5100][00000193E9FB41C0 49] iPadAir, [00000193E951EA00][00000193E9FB8480 49] iPadAir2, [00000193E9465300][00000193E9FCC9C0 49] IPadPro, [00000193E9465400][00000193E9FBCA00 49] iPadAir3, [00000193E94B6700][00000193E9FC4CC0 49] iPadAir4, [00000193E9466300][00000193DB4A4F40 49] iPadMini2, [00000193E94B4800][00000193E9FC11C0 49] iPadMini3, [00000193E9464B00][00000193E9FD1480 49] iPadMini4, [00000193E94B6800][00000193E9FD5740 49] iPadMini5, [00000193E9474E00][00000193E9FE8100 49] iPhone6, [00000193E9474F00][00000193E9FD8140 49] iPodTouch6, [00000193E951DC00][00000193E9FF0680 49] iPhone7, [00000193E951D400][00000193E9FE06C0 49] iPodTouch7, [00000193E9466800][00000193E9FE4980 49] iPhone5S, [00000193E9474100][00000193E9FDCC40 49] iPhone6Plus, [00000193E951EF00][00000193E9FECF00 49] iPhone6S, [00000193E9477100][00000193E9FC9180 49] iPhone6SPlus, [00000193E9466F00][00000193E9FF5400 49] iPhone7Plus, [00000193E9476A00][00000193E9FFD6C0 49] iPhoneSE, [00000193E9464F00][00000193EA001980 49] iPhone8, [00000193E9474A00][00000193EA0040C0 49] iPhone8Plus, [00000193E9466D00][00000193EA008380 49] iPhoneX, [00000193E9475900][00000193EA00C640 49] iPhoneXS, [00000193E9467500][00000193EA010900 49] iPhoneXSMax, [00000193E9477B00][00000193EA014BC0 49] iPhoneXR, [00000193E9465D00][00000193EA018E80 49] iPhone11, [00000193E9476500][00000193EA01D140 49] iPhone11Pro, [00000193E9467F00][00000193E9FF93C0 49] iPhone11ProMax, [00000193E9477800][00000193EA021640 49] iPhoneSE2, [00000193E9464200][00000193EA029900 49] iPhone12Mini, [00000193E9476800][00000193EA02DBC0 49] iPhone12, [00000193E9467D00][00000193EA030300 49] iPhone12Pro, [00000193E9475B00][00000193EA0345C0 49] iPhone12ProMax, [00000193E9464700][00000193EA038880 49] iPadPro105, [00000193E9476900][00000193EA03CB40 49] iPadPro129, [00000193E9465A00][00000193EA040E00 49] iPadPro97, [00000193E9474900][00000193EA0450C0 49] iPadPro2_129, [00000193E9467400][00000193EA049380 49] iPad5, [00000193E9475700][00000193EA025600 49] iPad6, [00000193E9467200][00000193EA04D880 49] iPad7, [00000193E9477F00][00000193EA055B40 49] iPad8, [00000193E9465C00][00000193EA058280 49] iPadPro11, [00000193E9477700][00000193EA05C540 49] iPadPro2_11, [00000193E9464800][00000193EA060800 49] iPadPro3_129, [00000193E9474B00][00000193EA080AC0 49] iPadPro4_129, [00000193E9465100][00000193EA094D80 49] AppleTV, [00000193E9477A00][00000193EA0A1040 49] AppleTV4K, [00000193E9466100][00000193EA0A5300 49] TVOS, [00000193E9477300][00000193EA0D95C0 49] Mac, [00000193E9467900][00000193EA051840 49] MacClient, [00000193E9476700][00000193E7A17AC0 49] MacNoEditor, [00000193E9465B00][00000193E7A1E200 49] MacServer, [00000193E9475800][00000193E7A224C0 49] Linux, [00000193E9465F00][00000193E7A26780 49] LinuxAArch64, [00000193E9474800][00000193E7A2AA40 49] LinuxNoEditor, [00000193E9467A00][00000193E1C5CD00 49] LinuxAArch64NoEditor, [00000193E9475600][00000193E1C64FC0 49] LinuxClient, [00000193E9467000][00000193E1C69280 49] LinuxAArch64Client, [00000193E9475200][00000193E1C6D540 49] LinuxServer, [00000193E9464900][00000193E1C71800 49] LinuxAArch64Server, [00000193E9476600][00000193E7A1BA80 49] Android, [00000193E9466400][00000193E1ACE180 49] Android_Low, [00000193E9475300][00000193E1AD6440 49] Android_Mid, [00000193E9464A00][00000193E0E96700 49] Android_High, [00000193E9475000][00000193E0F1C9C0 49] Android_Default, [00000193E9464D00][00000193E0F20C80 49] Android_Adreno4xx, [00000193E9474300][00000193E0F24F40 49] Android_Adreno5xx_Low, [00000193E9466500][00000193E0F29200 49] Android_Adreno5xx, [00000193E9474500][00000193E0F2D4C0 49] Android_Adreno6xx, [00000193E9467700][00000193E0F31780 49] Android_Adreno6xx_Vulkan, [00000193E9475C00][00000193EA271A40 49] Android_Mali_T6xx, [00000193E9466B00][00000193E1AD2140 49] Android_Mali_T7xx, [00000193E9476B00][00000193EA2B63C0 49] Android_Mali_T8xx, [00000193E94B4E00][00000193EA2BE680 49] Android_Mali_G71, [00000193E951C500][00000193EA2C2940 49] Android_Mali_G72, [00000193E94B5200][00000193EA2C6C00 49] Android_Mali_G72_Vulkan, [00000193E951E200][00000193EA2CAEC0 49] Android_Mali_G76, [00000193E94B6900][00000193EA2CF180 49] Android_Mali_G76_Vulkan, [00000193E951EE00][00000193EA2D3440 49] Android_Mali_G77, [00000193E94B4900][00000193EA2D7700 49] Android_Mali_G77_Vulkan, [00000193E951C800][00000193EA2DB9C0 49] Android_Mali_G78, [00000193E94B5400][00000193EA2EC100 49] Android_Mali_G78_Vulkan, [00000193E951F600][00000193EA2BA380 49] Android_Mali_G710, [00000193E94B5A00][00000193EA38A600 49] Android_Mali_G710_Vulkan, [00000193E951E400][00000193EA3BA8C0 49] Android_Vulkan_SM5, [00000193E94B5C00][00000193EA3BEB80 49] Android_PowerVR_G6xxx, [00000193E951E700][00000193EA41EE40 49] Android_PowerVR_GT7xxx, [00000193E94B6600][00000193EA423100 49] Android_PowerVR_GE8xxx, [00000193E951C200][00000193EA4273C0 49] Android_PowerVR_GM9xxx, [00000193E94B6100][00000193EA42B680 49] Android_PowerVR_GM9xxx_Vulkan, [00000193E951D100][00000193EA4D1940 49] Android_TegraK1, [00000193E94B7700][00000193EA4D9C00 49] Android_Unknown_Vulkan, [00000193E951ED00][00000193EA4DC340 49] Lumin, [00000193E94B5000][00000193EA3B65C0 49] Lumin_Desktop, [00000193E951C300][00000193EA4E0840 49] HoloLens, 
[2022.12.03-04.11.41:823][  0]LogMeshReduction: Using QuadricMeshReduction for automatic static mesh reduction
[2022.12.03-04.11.41:823][  0]LogMeshReduction: Using SimplygonMeshReduction for automatic skeletal mesh reduction
[2022.12.03-04.11.41:823][  0]LogMeshReduction: Using ProxyLODMeshReduction for automatic mesh merging
[2022.12.03-04.11.41:823][  0]LogMeshReduction: No distributed automatic mesh merging module available
[2022.12.03-04.11.41:823][  0]LogMeshMerging: No distributed automatic mesh merging module available
[2022.12.03-04.11.41:841][  0]LogNetVersion: GhostHouse 1.0.0, NetCL: 17155196, EngineNetVer: 17, GameNetVer: 0 (Checksum: 1499812488)
[2022.12.03-04.11.42:201][  0]LogTexture: Default maximum texture size for cubemaps generated from long-lat sources has been changed from 512 to unlimited. In order to preserve old behaiour for '/Engine/MapTemplates/Sky/DaylightAmbientCubemap.DaylightAmbientCubemap', its maximum texture size has been explicitly set to 512.
[2022.12.03-04.11.42:257][  0]LogHMD: PokeAHoleMaterial loaded successfully
[2022.12.03-04.11.42:263][  0]LogUObjectArray: 17178 objects as part of root set at end of initial load.
[2022.12.03-04.11.42:263][  0]LogUObjectAllocator: 4302048 out of 0 bytes used by permanent object pool.
[2022.12.03-04.11.42:263][  0]LogUObjectArray: CloseDisregardForGC: 0/0 objects in disregard for GC pool
[2022.12.03-04.11.42:412][  0]LogNiagaraDebuggerClient: Niagara Debugger Client Initialized | Session: E7DAF2344D4725F10C8062B04A1B6942 | Instance: C166288048E7F24C20ABC18B4171AD15 (DESKTOP-GA9VGS5-20452).
[2022.12.03-04.11.42:445][  0]LogPython: Using Python 3.7.7
[2022.12.03-04.11.43:491][  0]LogTcpMessaging: Initializing TcpMessaging bridge
[2022.12.03-04.11.43:495][  0]LogUdpMessaging: Initializing bridge on interface 0.0.0.0:0 to multicast group 230.0.0.1:6666.
[2022.12.03-04.11.43:688][  0]SourceControl: Source control is disabled
[2022.12.03-04.11.43:688][  0]SourceControl: Source control is disabled
[2022.12.03-04.11.43:691][  0]SourceControl: Source control is disabled
[2022.12.03-04.11.43:694][  0]SourceControl: Source control is disabled
[2022.12.03-04.11.43:703][  0]SourceControl: Source control is disabled
[2022.12.03-04.11.43:799][  0]LogUProjectInfo: Found projects:
[2022.12.03-04.11.43:835][  0]LogOpenImageDenoise: OIDN starting up
[2022.12.03-04.11.43:933][  0]LogAndroidPermission: UAndroidPermissionCallbackProxy::GetInstance
[2022.12.03-04.11.43:956][  0]LogAudioCaptureCore: Display: No Audio Capture implementations found. Audio input will be silent.
[2022.12.03-04.11.43:956][  0]LogAudioCaptureCore: Display: No Audio Capture implementations found. Audio input will be silent.
[2022.12.03-04.11.44:070][  0]LogCollectionManager: Loaded 0 collections in 0.001537 seconds
[2022.12.03-04.11.44:093][  0]LogFileCache: Scanning file cache for directory 'C:/Users/Yuri Benassi/OneDrive - Fundação São Paulo/PUC-SP/Unreal Projects/Ghost-House/GhostHouse/Saved/Collections/' took 0.00s
[2022.12.03-04.11.44:093][  0]LogFileCache: Scanning file cache for directory 'C:/Users/Yuri Benassi/OneDrive - Fundação São Paulo/PUC-SP/Unreal Projects/Ghost-House/GhostHouse/Content/Developers/YuriBenassi/Collections/' took 0.00s
[2022.12.03-04.11.44:093][  0]LogFileCache: Scanning file cache for directory 'C:/Users/Yuri Benassi/OneDrive - Fundação São Paulo/PUC-SP/Unreal Projects/Ghost-House/GhostHouse/Content/Collections/' took 0.00s
[2022.12.03-04.11.44:093][  0]LogOcInput: OculusInput pre-init called
[2022.12.03-04.11.44:313][  0]LogEngine: Initializing Engine...
[2022.12.03-04.11.44:315][  0]LogHMD: Failed to enumerate extensions. Please check that you have a valid OpenXR runtime installed.
[2022.12.03-04.11.44:315][  0]LogHMD: Failed to initialize OpenVR with code 110
[2022.12.03-04.11.44:315][  0]LogMagicLeap: Warning: VR disabled because ZI is not enabled.  To enable, in the editor, Edit -> Project Settings -> Plugins -> Magic Leap Plugin -> Enable Zero Iteration
[2022.12.03-04.11.44:316][  0]LogStats: UGameplayTagsManager::InitializeManager -  0.000 s
[2022.12.03-04.11.44:437][  0]LogInit: Initializing FReadOnlyCVARCache
[2022.12.03-04.11.44:445][  0]LogAIModule: Creating AISystem for world Untitled
[2022.12.03-04.11.44:459][  0]LogAudio: Display: Initializing Audio Device Manager...
[2022.12.03-04.11.44:462][  0]LogAudio: Display: Loading Default Audio Settings Objects...
[2022.12.03-04.11.44:463][  0]LogAudio: Display: No default SoundConcurrencyObject specified (or failed to load).
[2022.12.03-04.11.44:463][  0]LogAudio: Display: Audio Device Manager Initialized
[2022.12.03-04.11.44:463][  0]LogAudio: Display: Creating Audio Device:                 Id: 1, Scope: Shared, Realtime: True
[2022.12.03-04.11.44:463][  0]LogAudioMixer: Display: Audio Mixer Platform Settings:
[2022.12.03-04.11.44:463][  0]LogAudioMixer: Display: 	Sample Rate:						  48000
[2022.12.03-04.11.44:463][  0]LogAudioMixer: Display: 	Callback Buffer Frame Size Requested: 1024
[2022.12.03-04.11.44:463][  0]LogAudioMixer: Display: 	Callback Buffer Frame Size To Use:	  1024
[2022.12.03-04.11.44:463][  0]LogAudioMixer: Display: 	Number of buffers to queue:			  2
[2022.12.03-04.11.44:463][  0]LogAudioMixer: Display: 	Max Channels (voices):				  32
[2022.12.03-04.11.44:463][  0]LogAudioMixer: Display: 	Number of Async Source Workers:		  0
[2022.12.03-04.11.44:463][  0]LogAudio: Display: AudioDevice MaxSources: 32
[2022.12.03-04.11.44:464][  0]LogAudio: Display: Audio Spatialization Plugin: None (built-in).
[2022.12.03-04.11.44:464][  0]LogAudio: Display: Audio Reverb Plugin: None (built-in).
[2022.12.03-04.11.44:464][  0]LogAudio: Display: Audio Occlusion Plugin: None (built-in).
[2022.12.03-04.11.44:464][  0]LogAudioMixer: Display: Initializing audio mixer.
[2022.12.03-04.11.44:483][  0]LogAudioMixer: Display: 0: FrontLeft
[2022.12.03-04.11.44:483][  0]LogAudioMixer: Display: 1: FrontRight
[2022.12.03-04.11.44:502][  0]LogAudioMixer: Display: Using Audio Device Fone de ouvido do headset (HyperX Virtual Surround Sound)
[2022.12.03-04.11.44:506][  0]LogAudioMixer: Display: Initializing Sound Submixes...
[2022.12.03-04.11.44:507][  0]LogAudioMixer: Display: Creating Master Submix 'MasterSubmixDefault'
[2022.12.03-04.11.44:507][  0]LogAudioMixer: Display: Creating Master Submix 'MasterReverbSubmixDefault'
[2022.12.03-04.11.44:508][  0]LogAudioMixer: Display: Creating Master Submix 'MasterEQSubmixDefault'
[2022.12.03-04.11.44:508][  0]LogAudioMixer: FMixerPlatformXAudio2::StartAudioStream() called
[2022.12.03-04.11.44:508][  0]LogAudioMixer: Display: Output buffers initialized: Frames=1024, Channels=2, Samples=2048
[2022.12.03-04.11.44:509][  0]LogAudioMixer: Display: Starting AudioMixerPlatformInterface::RunInternal()
[2022.12.03-04.11.44:509][  0]LogAudioMixer: Display: FMixerPlatformXAudio2::SubmitBuffer() called for the first time
[2022.12.03-04.11.44:509][  0]LogInit: FAudioDevice initialized.
[2022.12.03-04.11.44:510][  0]LogAudio: Display: Audio Device (ID: 1) registered with world 'Untitled'.
[2022.12.03-04.11.44:510][  0]LogNetVersion: Set ProjectVersion to 1.0.0.0. Version Checksum will be recalculated on next use.
[2022.12.03-04.11.48:495][  0]LogDerivedDataCache: Saved boot cache 3.98s 94MB C:/Users/Yuri Benassi/AppData/Local/UnrealEngine/4.27/DerivedDataCache/Boot.ddc.
[2022.12.03-04.11.48:495][  0]LogInit: Texture streaming: Enabled
[2022.12.03-04.11.48:507][  0]LogAnalytics: Display: [UEEditor.Rocket.Release] APIServer = https://datarouter.ol.epicgames.com/. AppVersion = 4.27.2-18319896+++UE4+Release-4.27
[2022.12.03-04.11.48:511][  0]LogEngineSessionManager: EngineSessionManager initialized
[2022.12.03-04.11.48:511][  0]LogEditorSessionSummary: Verbose: Initializing EditorSessionSummaryWriter for editor session tracking
[2022.12.03-04.11.48:513][  0]LogEditorSessionSummary: EditorSessionSummaryWriter initialized
[2022.12.03-04.11.48:543][  0]LogInit: Transaction tracking system initialized
[2022.12.03-04.11.48:563][  0]BlueprintLog: New page: Editor Load
[2022.12.03-04.11.48:625][  0]LocalizationService: Localization service is disabled
[2022.12.03-04.11.48:647][  0]TimingProfiler: Initialize
[2022.12.03-04.11.48:647][  0]TimingProfiler: OnSessionChanged
[2022.12.03-04.11.48:647][  0]LoadingProfiler: Initialize
[2022.12.03-04.11.48:647][  0]LoadingProfiler: OnSessionChanged
[2022.12.03-04.11.48:647][  0]NetworkingProfiler: Initialize
[2022.12.03-04.11.48:648][  0]NetworkingProfiler: OnSessionChanged
[2022.12.03-04.11.48:648][  0]MemoryProfiler: Initialize
[2022.12.03-04.11.48:648][  0]MemoryProfiler: OnSessionChanged
[2022.12.03-04.11.49:532][  0]LogCook: Display: CookSettings for Memory: MemoryMaxUsedVirtual 0MiB, MemoryMaxUsedPhysical 16384MiB, MemoryMinFreeVirtual 0MiB, MemoryMinFreePhysical 1024MiB
[2022.12.03-04.11.49:532][  0]LogCook: Display: Mobile HDR setting 1
[2022.12.03-04.11.49:672][  0]LogFileCache: Scanning file cache for directory 'C:/Users/Yuri Benassi/OneDrive - Fundação São Paulo/PUC-SP/Unreal Projects/Ghost-House/GhostHouse/Content/' took 0.01s
[2022.12.03-04.11.49:884][  0]LogInit: Display: Engine is initialized. Leaving FEngineLoop::Init()
[2022.12.03-04.11.49:887][  0]SourceControl: Source control is disabled
[2022.12.03-04.11.49:887][  0]LogUnrealEdMisc: Loading editor; pre map load, took 44.203
[2022.12.03-04.11.49:888][  0]LightingResults: New page: Lighting Build
[2022.12.03-04.11.49:889][  0]LogWorld: UWorld::CleanupWorld for Untitled, bSessionEnded=true, bCleanupResources=true
[2022.12.03-04.11.49:889][  0]LogSlate: InvalidateAllWidgets triggered.  All widgets were invalidated
[2022.12.03-04.11.49:889][  0]MapCheck: New page: Map Check
[2022.12.03-04.11.49:889][  0]LightingResults: New page: Lighting Build
[2022.12.03-04.11.49:893][  0]LogAudio: Display: Audio Device unregistered from world 'None'.
[2022.12.03-04.11.49:896][  0]LogUObjectHash: Compacting FUObjectHashTables data took   0.78ms
[2022.12.03-04.11.50:011][  0]LogAudio: Display: Audio Device (ID: 1) registered with world 'Minimal_Default'.
[2022.12.03-04.11.50:012][  0]LogAIModule: Creating AISystem for world Minimal_Default
[2022.12.03-04.11.50:016][  0]LogEditorServer: Finished looking for orphan Actors (0.000 secs)
[2022.12.03-04.11.50:023][  0]LogUObjectHash: Compacting FUObjectHashTables data took   0.82ms
[2022.12.03-04.11.50:023][  0]Cmd: MAP CHECKDEP NOCLEARLOG
[2022.12.03-04.11.50:024][  0]MapCheck: Map check complete: 0 Error(s), 0 Warning(s), took 0.176ms to complete.
[2022.12.03-04.11.50:024][  0]LogFileHelpers: Loading map 'Minimal_Default' took 0.137
[2022.12.03-04.11.50:026][  0]LogUnrealEdMisc: Total Editor Startup Time, took 44.342
[2022.12.03-04.11.50:174][  0]LogSlate: Updating window title bar state: overlay mode, drag disabled, window buttons hidden, title bar hidden
[2022.12.03-04.11.50:180][  0]LogSlate: Updating window title bar state: overlay mode, drag disabled, window buttons hidden, title bar hidden
[2022.12.03-04.11.50:187][  0]LogSlate: Updating window title bar state: overlay mode, drag disabled, window buttons hidden, title bar hidden
[2022.12.03-04.11.50:193][  0]LogSlate: Updating window title bar state: overlay mode, drag disabled, window buttons hidden, title bar hidden
[2022.12.03-04.11.50:206][  0]LogNativeClassHierarchy: Verbose: Native class hierarchy populated in 0.0091 seconds. Added 3822 classes and 928 folders.
[2022.12.03-04.11.50:208][  0]LogNativeClassHierarchy: Verbose: Native class hierarchy updated for 'WidgetCarousel' in 0.0002 seconds. Added 0 classes and 0 folders.
[2022.12.03-04.11.50:210][  0]LogPakFile: PakFile PrimaryIndexSize=187
[2022.12.03-04.11.50:210][  0]LogPakFile: PakFile PathHashIndexSize=101
[2022.12.03-04.11.50:210][  0]LogPakFile: PakFile FullDirectoryIndexSize=148
[2022.12.03-04.11.50:210][  0]LogShaderLibrary: Display: ShaderCodeLibraryPakFileMountedCallback: PakFile 'D:/Epic Games/UE_4.27/FeaturePacks/FP_FirstPerson.upack' (chunk index -1, root 'root:/') mounted
[2022.12.03-04.11.50:210][  0]LogShaderLibrary: Display: ShaderCodeLibraryPakFileMountedCallback: pending pak file info (ChunkID:-1 Root:root:/ File:D:/Epic Games/UE_4.27/FeaturePacks/FP_FirstPerson.upack)
[2022.12.03-04.11.50:210][  0]LogPakFile: OnPakFileMounted2Time == 0.000056
[2022.12.03-04.11.50:210][  0]LogPakFile: PakFile PrimaryIndexSize=189
[2022.12.03-04.11.50:210][  0]LogPakFile: PakFile PathHashIndexSize=101
[2022.12.03-04.11.50:210][  0]LogPakFile: PakFile FullDirectoryIndexSize=152
[2022.12.03-04.11.50:210][  0]LogShaderLibrary: Display: ShaderCodeLibraryPakFileMountedCallback: PakFile 'D:/Epic Games/UE_4.27/FeaturePacks/FP_FirstPersonBP.upack' (chunk index -1, root 'root:/') mounted
[2022.12.03-04.11.50:210][  0]LogShaderLibrary: Display: ShaderCodeLibraryPakFileMountedCallback: pending pak file info (ChunkID:-1 Root:root:/ File:D:/Epic Games/UE_4.27/FeaturePacks/FP_FirstPersonBP.upack)
[2022.12.03-04.11.50:210][  0]LogPakFile: OnPakFileMounted2Time == 0.000042
[2022.12.03-04.11.50:211][  0]LogPakFile: PakFile PrimaryIndexSize=191
[2022.12.03-04.11.50:211][  0]LogPakFile: PakFile PathHashIndexSize=101
[2022.12.03-04.11.50:211][  0]LogPakFile: PakFile FullDirectoryIndexSize=160
[2022.12.03-04.11.50:211][  0]LogShaderLibrary: Display: ShaderCodeLibraryPakFileMountedCallback: PakFile 'D:/Epic Games/UE_4.27/FeaturePacks/MobileStarterContent.upack' (chunk index -1, root 'root:/') mounted
[2022.12.03-04.11.50:211][  0]LogShaderLibrary: Display: ShaderCodeLibraryPakFileMountedCallback: pending pak file info (ChunkID:-1 Root:root:/ File:D:/Epic Games/UE_4.27/FeaturePacks/MobileStarterContent.upack)
[2022.12.03-04.11.50:211][  0]LogPakFile: OnPakFileMounted2Time == 0.000036
[2022.12.03-04.11.50:212][  0]LogPakFile: PakFile PrimaryIndexSize=185
[2022.12.03-04.11.50:212][  0]LogPakFile: PakFile PathHashIndexSize=101
[2022.12.03-04.11.50:212][  0]LogPakFile: PakFile FullDirectoryIndexSize=148
[2022.12.03-04.11.50:212][  0]LogShaderLibrary: Display: ShaderCodeLibraryPakFileMountedCallback: PakFile 'D:/Epic Games/UE_4.27/FeaturePacks/StarterContent.upack' (chunk index -1, root 'root:/') mounted
[2022.12.03-04.11.50:212][  0]LogShaderLibrary: Display: ShaderCodeLibraryPakFileMountedCallback: pending pak file info (ChunkID:-1 Root:root:/ File:D:/Epic Games/UE_4.27/FeaturePacks/StarterContent.upack)
[2022.12.03-04.11.50:212][  0]LogPakFile: OnPakFileMounted2Time == 0.000039
[2022.12.03-04.11.50:213][  0]LogPakFile: PakFile PrimaryIndexSize=190
[2022.12.03-04.11.50:213][  0]LogPakFile: PakFile PathHashIndexSize=101
[2022.12.03-04.11.50:213][  0]LogPakFile: PakFile FullDirectoryIndexSize=154
[2022.12.03-04.11.50:213][  0]LogShaderLibrary: Display: ShaderCodeLibraryPakFileMountedCallback: PakFile 'D:/Epic Games/UE_4.27/FeaturePacks/TP_2DSideScroller.upack' (chunk index -1, root 'root:/') mounted
[2022.12.03-04.11.50:213][  0]LogShaderLibrary: Display: ShaderCodeLibraryPakFileMountedCallback: pending pak file info (ChunkID:-1 Root:root:/ File:D:/Epic Games/UE_4.27/FeaturePacks/TP_2DSideScroller.upack)
[2022.12.03-04.11.50:213][  0]LogPakFile: OnPakFileMounted2Time == 0.000041
[2022.12.03-04.11.50:213][  0]LogPakFile: PakFile PrimaryIndexSize=192
[2022.12.03-04.11.50:213][  0]LogPakFile: PakFile PathHashIndexSize=101
[2022.12.03-04.11.50:213][  0]LogPakFile: PakFile FullDirectoryIndexSize=158
[2022.12.03-04.11.50:213][  0]LogShaderLibrary: Display: ShaderCodeLibraryPakFileMountedCallback: PakFile 'D:/Epic Games/UE_4.27/FeaturePacks/TP_2DSideScrollerBP.upack' (chunk index -1, root 'root:/') mounted
[2022.12.03-04.11.50:213][  0]LogShaderLibrary: Display: ShaderCodeLibraryPakFileMountedCallback: pending pak file info (ChunkID:-1 Root:root:/ File:D:/Epic Games/UE_4.27/FeaturePacks/TP_2DSideScrollerBP.upack)
[2022.12.03-04.11.50:213][  0]LogPakFile: OnPakFileMounted2Time == 0.000035
[2022.12.03-04.11.50:214][  0]LogPakFile: PakFile PrimaryIndexSize=182
[2022.12.03-04.11.50:214][  0]LogPakFile: PakFile PathHashIndexSize=101
[2022.12.03-04.11.50:214][  0]LogPakFile: PakFile FullDirectoryIndexSize=138
[2022.12.03-04.11.50:214][  0]LogShaderLibrary: Display: ShaderCodeLibraryPakFileMountedCallback: PakFile 'D:/Epic Games/UE_4.27/FeaturePacks/TP_Flying.upack' (chunk index -1, root 'root:/') mounted
[2022.12.03-04.11.50:214][  0]LogShaderLibrary: Display: ShaderCodeLibraryPakFileMountedCallback: pending pak file info (ChunkID:-1 Root:root:/ File:D:/Epic Games/UE_4.27/FeaturePacks/TP_Flying.upack)
[2022.12.03-04.11.50:214][  0]LogPakFile: OnPakFileMounted2Time == 0.000034
[2022.12.03-04.11.50:214][  0]LogPakFile: PakFile PrimaryIndexSize=184
[2022.12.03-04.11.50:214][  0]LogPakFile: PakFile PathHashIndexSize=101
[2022.12.03-04.11.50:215][  0]LogPakFile: PakFile FullDirectoryIndexSize=142
[2022.12.03-04.11.50:215][  0]LogShaderLibrary: Display: ShaderCodeLibraryPakFileMountedCallback: PakFile 'D:/Epic Games/UE_4.27/FeaturePacks/TP_FlyingBP.upack' (chunk index -1, root 'root:/') mounted
[2022.12.03-04.11.50:215][  0]LogShaderLibrary: Display: ShaderCodeLibraryPakFileMountedCallback: pending pak file info (ChunkID:-1 Root:root:/ File:D:/Epic Games/UE_4.27/FeaturePacks/TP_FlyingBP.upack)
[2022.12.03-04.11.50:215][  0]LogPakFile: OnPakFileMounted2Time == 0.000034
[2022.12.03-04.11.50:215][  0]LogPakFile: PakFile PrimaryIndexSize=188
[2022.12.03-04.11.50:215][  0]LogPakFile: PakFile PathHashIndexSize=101
[2022.12.03-04.11.50:215][  0]LogPakFile: PakFile FullDirectoryIndexSize=150
[2022.12.03-04.11.50:215][  0]LogShaderLibrary: Display: ShaderCodeLibraryPakFileMountedCallback: PakFile 'D:/Epic Games/UE_4.27/FeaturePacks/TP_HandheldARBP.upack' (chunk index -1, root 'root:/') mounted
[2022.12.03-04.11.50:215][  0]LogShaderLibrary: Display: ShaderCodeLibraryPakFileMountedCallback: pending pak file info (ChunkID:-1 Root:root:/ File:D:/Epic Games/UE_4.27/FeaturePacks/TP_HandheldARBP.upack)
[2022.12.03-04.11.50:215][  0]LogPakFile: OnPakFileMounted2Time == 0.000037
[2022.12.03-04.11.50:216][  0]LogPakFile: PakFile PrimaryIndexSize=182
[2022.12.03-04.11.50:216][  0]LogPakFile: PakFile PathHashIndexSize=101
[2022.12.03-04.11.50:216][  0]LogPakFile: PakFile FullDirectoryIndexSize=138
[2022.12.03-04.11.50:216][  0]LogShaderLibrary: Display: ShaderCodeLibraryPakFileMountedCallback: PakFile 'D:/Epic Games/UE_4.27/FeaturePacks/TP_Puzzle.upack' (chunk index -1, root 'root:/') mounted
[2022.12.03-04.11.50:216][  0]LogShaderLibrary: Display: ShaderCodeLibraryPakFileMountedCallback: pending pak file info (ChunkID:-1 Root:root:/ File:D:/Epic Games/UE_4.27/FeaturePacks/TP_Puzzle.upack)
[2022.12.03-04.11.50:216][  0]LogPakFile: OnPakFileMounted2Time == 0.000035
[2022.12.03-04.11.50:217][  0]LogPakFile: PakFile PrimaryIndexSize=184
[2022.12.03-04.11.50:217][  0]LogPakFile: PakFile PathHashIndexSize=101
[2022.12.03-04.11.50:217][  0]LogPakFile: PakFile FullDirectoryIndexSize=142
[2022.12.03-04.11.50:217][  0]LogShaderLibrary: Display: ShaderCodeLibraryPakFileMountedCallback: PakFile 'D:/Epic Games/UE_4.27/FeaturePacks/TP_PuzzleBP.upack' (chunk index -1, root 'root:/') mounted
[2022.12.03-04.11.50:217][  0]LogShaderLibrary: Display: ShaderCodeLibraryPakFileMountedCallback: pending pak file info (ChunkID:-1 Root:root:/ File:D:/Epic Games/UE_4.27/FeaturePacks/TP_PuzzleBP.upack)
[2022.12.03-04.11.50:217][  0]LogPakFile: OnPakFileMounted2Time == 0.000039
[2022.12.03-04.11.50:217][  0]LogPakFile: PakFile PrimaryIndexSize=183
[2022.12.03-04.11.50:217][  0]LogPakFile: PakFile PathHashIndexSize=101
[2022.12.03-04.11.50:217][  0]LogPakFile: PakFile FullDirectoryIndexSize=140
[2022.12.03-04.11.50:217][  0]LogShaderLibrary: Display: ShaderCodeLibraryPakFileMountedCallback: PakFile 'D:/Epic Games/UE_4.27/FeaturePacks/TP_Rolling.upack' (chunk index -1, root 'root:/') mounted
[2022.12.03-04.11.50:217][  0]LogShaderLibrary: Display: ShaderCodeLibraryPakFileMountedCallback: pending pak file info (ChunkID:-1 Root:root:/ File:D:/Epic Games/UE_4.27/FeaturePacks/TP_Rolling.upack)
[2022.12.03-04.11.50:217][  0]LogPakFile: OnPakFileMounted2Time == 0.000034
[2022.12.03-04.11.50:218][  0]LogPakFile: PakFile PrimaryIndexSize=185
[2022.12.03-04.11.50:218][  0]LogPakFile: PakFile PathHashIndexSize=101
[2022.12.03-04.11.50:218][  0]LogPakFile: PakFile FullDirectoryIndexSize=144
[2022.12.03-04.11.50:218][  0]LogShaderLibrary: Display: ShaderCodeLibraryPakFileMountedCallback: PakFile 'D:/Epic Games/UE_4.27/FeaturePacks/TP_RollingBP.upack' (chunk index -1, root 'root:/') mounted
[2022.12.03-04.11.50:218][  0]LogShaderLibrary: Display: ShaderCodeLibraryPakFileMountedCallback: pending pak file info (ChunkID:-1 Root:root:/ File:D:/Epic Games/UE_4.27/FeaturePacks/TP_RollingBP.upack)
[2022.12.03-04.11.50:218][  0]LogPakFile: OnPakFileMounted2Time == 0.000034
[2022.12.03-04.11.50:218][  0]LogPakFile: PakFile PrimaryIndexSize=188
[2022.12.03-04.11.50:219][  0]LogPakFile: PakFile PathHashIndexSize=101
[2022.12.03-04.11.50:219][  0]LogPakFile: PakFile FullDirectoryIndexSize=150
[2022.12.03-04.11.50:219][  0]LogShaderLibrary: Display: ShaderCodeLibraryPakFileMountedCallback: PakFile 'D:/Epic Games/UE_4.27/FeaturePacks/TP_SideScroller.upack' (chunk index -1, root 'root:/') mounted
[2022.12.03-04.11.50:219][  0]LogShaderLibrary: Display: ShaderCodeLibraryPakFileMountedCallback: pending pak file info (ChunkID:-1 Root:root:/ File:D:/Epic Games/UE_4.27/FeaturePacks/TP_SideScroller.upack)
[2022.12.03-04.11.50:219][  0]LogPakFile: OnPakFileMounted2Time == 0.000034
[2022.12.03-04.11.50:219][  0]LogPakFile: PakFile PrimaryIndexSize=190
[2022.12.03-04.11.50:219][  0]LogPakFile: PakFile PathHashIndexSize=101
[2022.12.03-04.11.50:219][  0]LogPakFile: PakFile FullDirectoryIndexSize=154
[2022.12.03-04.11.50:219][  0]LogShaderLibrary: Display: ShaderCodeLibraryPakFileMountedCallback: PakFile 'D:/Epic Games/UE_4.27/FeaturePacks/TP_SideScrollerBP.upack' (chunk index -1, root 'root:/') mounted
[2022.12.03-04.11.50:219][  0]LogShaderLibrary: Display: ShaderCodeLibraryPakFileMountedCallback: pending pak file info (ChunkID:-1 Root:root:/ File:D:/Epic Games/UE_4.27/FeaturePacks/TP_SideScrollerBP.upack)
[2022.12.03-04.11.50:219][  0]LogPakFile: OnPakFileMounted2Time == 0.000037
[2022.12.03-04.11.50:220][  0]LogPakFile: PakFile PrimaryIndexSize=187
[2022.12.03-04.11.50:220][  0]LogPakFile: PakFile PathHashIndexSize=101
[2022.12.03-04.11.50:220][  0]LogPakFile: PakFile FullDirectoryIndexSize=148
[2022.12.03-04.11.50:220][  0]LogShaderLibrary: Display: ShaderCodeLibraryPakFileMountedCallback: PakFile 'D:/Epic Games/UE_4.27/FeaturePacks/TP_ThirdPerson.upack' (chunk index -1, root 'root:/') mounted
[2022.12.03-04.11.50:220][  0]LogShaderLibrary: Display: ShaderCodeLibraryPakFileMountedCallback: pending pak file info (ChunkID:-1 Root:root:/ File:D:/Epic Games/UE_4.27/FeaturePacks/TP_ThirdPerson.upack)
[2022.12.03-04.11.50:220][  0]LogPakFile: OnPakFileMounted2Time == 0.000038
[2022.12.03-04.11.50:220][  0]LogPakFile: PakFile PrimaryIndexSize=189
[2022.12.03-04.11.50:220][  0]LogPakFile: PakFile PathHashIndexSize=101
[2022.12.03-04.11.50:221][  0]LogPakFile: PakFile FullDirectoryIndexSize=152
[2022.12.03-04.11.50:221][  0]LogShaderLibrary: Display: ShaderCodeLibraryPakFileMountedCallback: PakFile 'D:/Epic Games/UE_4.27/FeaturePacks/TP_ThirdPersonBP.upack' (chunk index -1, root 'root:/') mounted
[2022.12.03-04.11.50:221][  0]LogShaderLibrary: Display: ShaderCodeLibraryPakFileMountedCallback: pending pak file info (ChunkID:-1 Root:root:/ File:D:/Epic Games/UE_4.27/FeaturePacks/TP_ThirdPersonBP.upack)
[2022.12.03-04.11.50:221][  0]LogPakFile: OnPakFileMounted2Time == 0.000036
[2022.12.03-04.11.50:221][  0]LogPakFile: PakFile PrimaryIndexSize=183
[2022.12.03-04.11.50:221][  0]LogPakFile: PakFile PathHashIndexSize=101
[2022.12.03-04.11.50:221][  0]LogPakFile: PakFile FullDirectoryIndexSize=140
[2022.12.03-04.11.50:221][  0]LogShaderLibrary: Display: ShaderCodeLibraryPakFileMountedCallback: PakFile 'D:/Epic Games/UE_4.27/FeaturePacks/TP_TopDown.upack' (chunk index -1, root 'root:/') mounted
[2022.12.03-04.11.50:221][  0]LogShaderLibrary: Display: ShaderCodeLibraryPakFileMountedCallback: pending pak file info (ChunkID:-1 Root:root:/ File:D:/Epic Games/UE_4.27/FeaturePacks/TP_TopDown.upack)
[2022.12.03-04.11.50:221][  0]LogPakFile: OnPakFileMounted2Time == 0.000044
[2022.12.03-04.11.50:222][  0]LogPakFile: PakFile PrimaryIndexSize=185
[2022.12.03-04.11.50:222][  0]LogPakFile: PakFile PathHashIndexSize=101
[2022.12.03-04.11.50:222][  0]LogPakFile: PakFile FullDirectoryIndexSize=144
[2022.12.03-04.11.50:222][  0]LogShaderLibrary: Display: ShaderCodeLibraryPakFileMountedCallback: PakFile 'D:/Epic Games/UE_4.27/FeaturePacks/TP_TopDownBP.upack' (chunk index -1, root 'root:/') mounted
[2022.12.03-04.11.50:222][  0]LogShaderLibrary: Display: ShaderCodeLibraryPakFileMountedCallback: pending pak file info (ChunkID:-1 Root:root:/ File:D:/Epic Games/UE_4.27/FeaturePacks/TP_TopDownBP.upack)
[2022.12.03-04.11.50:222][  0]LogPakFile: OnPakFileMounted2Time == 0.000035
[2022.12.03-04.11.50:222][  0]LogPakFile: PakFile PrimaryIndexSize=185
[2022.12.03-04.11.50:222][  0]LogPakFile: PakFile PathHashIndexSize=101
[2022.12.03-04.11.50:223][  0]LogPakFile: PakFile FullDirectoryIndexSize=144
[2022.12.03-04.11.50:223][  0]LogShaderLibrary: Display: ShaderCodeLibraryPakFileMountedCallback: PakFile 'D:/Epic Games/UE_4.27/FeaturePacks/TP_TwinStick.upack' (chunk index -1, root 'root:/') mounted
[2022.12.03-04.11.50:223][  0]LogShaderLibrary: Display: ShaderCodeLibraryPakFileMountedCallback: pending pak file info (ChunkID:-1 Root:root:/ File:D:/Epic Games/UE_4.27/FeaturePacks/TP_TwinStick.upack)
[2022.12.03-04.11.50:223][  0]LogPakFile: OnPakFileMounted2Time == 0.000040
[2022.12.03-04.11.50:223][  0]LogPakFile: PakFile PrimaryIndexSize=187
[2022.12.03-04.11.50:223][  0]LogPakFile: PakFile PathHashIndexSize=101
[2022.12.03-04.11.50:223][  0]LogPakFile: PakFile FullDirectoryIndexSize=148
[2022.12.03-04.11.50:223][  0]LogShaderLibrary: Display: ShaderCodeLibraryPakFileMountedCallback: PakFile 'D:/Epic Games/UE_4.27/FeaturePacks/TP_TwinStickBP.upack' (chunk index -1, root 'root:/') mounted
[2022.12.03-04.11.50:223][  0]LogShaderLibrary: Display: ShaderCodeLibraryPakFileMountedCallback: pending pak file info (ChunkID:-1 Root:root:/ File:D:/Epic Games/UE_4.27/FeaturePacks/TP_TwinStickBP.upack)
[2022.12.03-04.11.50:223][  0]LogPakFile: OnPakFileMounted2Time == 0.000038
[2022.12.03-04.11.50:224][  0]LogPakFile: PakFile PrimaryIndexSize=183
[2022.12.03-04.11.50:224][  0]LogPakFile: PakFile PathHashIndexSize=101
[2022.12.03-04.11.50:224][  0]LogPakFile: PakFile FullDirectoryIndexSize=140
[2022.12.03-04.11.50:224][  0]LogShaderLibrary: Display: ShaderCodeLibraryPakFileMountedCallback: PakFile 'D:/Epic Games/UE_4.27/FeaturePacks/TP_Vehicle.upack' (chunk index -1, root 'root:/') mounted
[2022.12.03-04.11.50:224][  0]LogShaderLibrary: Display: ShaderCodeLibraryPakFileMountedCallback: pending pak file info (ChunkID:-1 Root:root:/ File:D:/Epic Games/UE_4.27/FeaturePacks/TP_Vehicle.upack)
[2022.12.03-04.11.50:224][  0]LogPakFile: OnPakFileMounted2Time == 0.000035
[2022.12.03-04.11.50:224][  0]LogPakFile: PakFile PrimaryIndexSize=186
[2022.12.03-04.11.50:224][  0]LogPakFile: PakFile PathHashIndexSize=101
[2022.12.03-04.11.50:224][  0]LogPakFile: PakFile FullDirectoryIndexSize=146
[2022.12.03-04.11.50:224][  0]LogShaderLibrary: Display: ShaderCodeLibraryPakFileMountedCallback: PakFile 'D:/Epic Games/UE_4.27/FeaturePacks/TP_VehicleAdv.upack' (chunk index -1, root 'root:/') mounted
[2022.12.03-04.11.50:224][  0]LogShaderLibrary: Display: ShaderCodeLibraryPakFileMountedCallback: pending pak file info (ChunkID:-1 Root:root:/ File:D:/Epic Games/UE_4.27/FeaturePacks/TP_VehicleAdv.upack)
[2022.12.03-04.11.50:225][  0]LogPakFile: OnPakFileMounted2Time == 0.000037
[2022.12.03-04.11.50:225][  0]LogPakFile: PakFile PrimaryIndexSize=188
[2022.12.03-04.11.50:225][  0]LogPakFile: PakFile PathHashIndexSize=101
[2022.12.03-04.11.50:225][  0]LogPakFile: PakFile FullDirectoryIndexSize=150
[2022.12.03-04.11.50:225][  0]LogShaderLibrary: Display: ShaderCodeLibraryPakFileMountedCallback: PakFile 'D:/Epic Games/UE_4.27/FeaturePacks/TP_VehicleAdvBP.upack' (chunk index -1, root 'root:/') mounted
[2022.12.03-04.11.50:225][  0]LogShaderLibrary: Display: ShaderCodeLibraryPakFileMountedCallback: pending pak file info (ChunkID:-1 Root:root:/ File:D:/Epic Games/UE_4.27/FeaturePacks/TP_VehicleAdvBP.upack)
[2022.12.03-04.11.50:225][  0]LogPakFile: OnPakFileMounted2Time == 0.000045
[2022.12.03-04.11.50:226][  0]LogPakFile: PakFile PrimaryIndexSize=185
[2022.12.03-04.11.50:226][  0]LogPakFile: PakFile PathHashIndexSize=101
[2022.12.03-04.11.50:226][  0]LogPakFile: PakFile FullDirectoryIndexSize=144
[2022.12.03-04.11.50:226][  0]LogShaderLibrary: Display: ShaderCodeLibraryPakFileMountedCallback: PakFile 'D:/Epic Games/UE_4.27/FeaturePacks/TP_VehicleBP.upack' (chunk index -1, root 'root:/') mounted
[2022.12.03-04.11.50:226][  0]LogShaderLibrary: Display: ShaderCodeLibraryPakFileMountedCallback: pending pak file info (ChunkID:-1 Root:root:/ File:D:/Epic Games/UE_4.27/FeaturePacks/TP_VehicleBP.upack)
[2022.12.03-04.11.50:226][  0]LogPakFile: OnPakFileMounted2Time == 0.000035
[2022.12.03-04.11.50:226][  0]LogPakFile: PakFile PrimaryIndexSize=192
[2022.12.03-04.11.50:226][  0]LogPakFile: PakFile PathHashIndexSize=101
[2022.12.03-04.11.50:226][  0]LogPakFile: PakFile FullDirectoryIndexSize=158
[2022.12.03-04.11.50:226][  0]LogShaderLibrary: Display: ShaderCodeLibraryPakFileMountedCallback: PakFile 'D:/Epic Games/UE_4.27/FeaturePacks/TP_VirtualRealityBP.upack' (chunk index -1, root 'root:/') mounted
[2022.12.03-04.11.50:226][  0]LogShaderLibrary: Display: ShaderCodeLibraryPakFileMountedCallback: pending pak file info (ChunkID:-1 Root:root:/ File:D:/Epic Games/UE_4.27/FeaturePacks/TP_VirtualRealityBP.upack)
[2022.12.03-04.11.50:227][  0]LogPakFile: OnPakFileMounted2Time == 0.000058
[2022.12.03-04.11.50:265][  0]LogNativeClassHierarchy: Verbose: Native class hierarchy updated for 'AddContentDialog' in 0.0003 seconds. Added 0 classes and 0 folders.
[2022.12.03-04.11.50:266][  0]LogNativeClassHierarchy: Verbose: Native class hierarchy updated for 'SceneOutliner' in 0.0002 seconds. Added 2 classes and 0 folders.
[2022.12.03-04.11.50:335][  0]LogSlate: Took 0.000222 seconds to synchronously load lazily loaded font '../../../Engine/Content/Slate/Fonts/Roboto-Regular.ttf' (155K)
[2022.12.03-04.11.50:336][  0]LogSlate: Took 0.000137 seconds to synchronously load lazily loaded font '../../../Engine/Content/Editor/Slate/Fonts/FontAwesome.ttf' (139K)
[2022.12.03-04.11.50:337][  0]LogSlate: Took 0.000135 seconds to synchronously load lazily loaded font '../../../Engine/Content/Slate/Fonts/Roboto-Bold.ttf' (160K)
[2022.12.03-04.11.50:431][  0]LogRenderer: Reallocating scene render targets to support 1224x600 Format 10 NumSamples 1 (Frame:1).
[2022.12.03-04.11.50:620][  0]LogNativeClassHierarchy: Verbose: Native class hierarchy updated for 'HierarchicalLODOutliner' in 0.0003 seconds. Added 0 classes and 0 folders.
[2022.12.03-04.11.50:620][  0]LogLoad: (Engine Initialization) Total time: 44.94 seconds
[2022.12.03-04.11.50:620][  0]LogLoad: (Engine Initialization) Total Blueprint compile time: 0.00 seconds
[2022.12.03-04.11.50:667][  0]LogAssetRegistry: Asset discovery search completed in 9.2086 seconds
[2022.12.03-04.11.50:673][  0]LogCollectionManager: Fixed up redirectors for 0 collections in 0.000004 seconds (updated 0 objects)
[2022.12.03-04.11.50:674][  0]LogContentStreaming: Texture pool size now 1000 MB
[2022.12.03-04.11.50:793][  3]LogSlate: Took 0.000155 seconds to synchronously load lazily loaded font '../../../Engine/Content/Slate/Fonts/Roboto-Light.ttf' (167K)
[2022.12.03-04.11.51:643][104]LogSlate: Took 0.000261 seconds to synchronously load lazily loaded font '../../../Engine/Content/Slate/Fonts/Roboto-Light.ttf' (167K)
[2022.12.03-04.11.58:413][862]LogUObjectHash: Compacting FUObjectHashTables data took   0.60ms
[2022.12.03-04.11.59:341][862]LogScript: Warning: Accessed None trying to read property owning
	Ghost_anim_BP_C /Game/MyModifications/Level/BlocagemLevel.BlocagemLevel:PersistentLevel.Ghost_2.CharacterMesh0.Ghost_anim_BP_C_0
	Function /Game/MyModifications/Personagem_Fantasma/Animações/Ghost_anim_BP.Ghost_anim_BP_C:ExecuteUbergraph_Ghost_anim_BP:0296
[2022.12.03-04.11.59:342][862]LogScript: Warning: Accessed None trying to read property owining
	Human_anim_BP_C /Game/MyModifications/Level/BlocagemLevel.BlocagemLevel:PersistentLevel.Human_2.CharacterMesh0.Human_anim_BP_C_0
	Function /Game/MyModifications/Personagem_Garoto/Human_anim_BP.Human_anim_BP_C:ExecuteUbergraph_Human_anim_BP:032B
[2022.12.03-04.11.59:342][862]LogScript: Warning: Accessed None trying to read property owining
	Human_anim_BP_C /Game/MyModifications/Level/BlocagemLevel.BlocagemLevel:PersistentLevel.Human_2.CharacterMesh0.Human_anim_BP_C_0
	Function /Game/MyModifications/Personagem_Garoto/Human_anim_BP.Human_anim_BP_C:ExecuteUbergraph_Human_anim_BP:02F6
[2022.12.03-04.11.59:353][862]LogAssetEditorSubsystem: Opening Asset editor for World /Game/MyModifications/Level/BlocagemLevel.BlocagemLevel
[2022.12.03-04.11.59:354][862]LightingResults: New page: Lighting Build
[2022.12.03-04.11.59:354][862]LoadErrors: New page: Loading map: BlocagemLevel.umap
[2022.12.03-04.11.59:406][862]LogWorld: UWorld::CleanupWorld for Minimal_Default, bSessionEnded=true, bCleanupResources=true
[2022.12.03-04.11.59:406][862]LogSlate: InvalidateAllWidgets triggered.  All widgets were invalidated
[2022.12.03-04.11.59:406][862]MapCheck: New page: Map Check
[2022.12.03-04.11.59:406][862]LightingResults: New page: Lighting Build
[2022.12.03-04.11.59:413][862]LogAudio: Display: Audio Device unregistered from world 'None'.
[2022.12.03-04.11.59:419][862]LogUObjectHash: Compacting FUObjectHashTables data took   1.26ms
[2022.12.03-04.11.59:421][862]LogAudio: Display: Audio Device (ID: 1) registered with world 'BlocagemLevel'.
[2022.12.03-04.11.59:430][862]LogScript: Warning: Accessed None trying to read property owning
	Ghost_anim_BP_C /Game/MyModifications/Level/BlocagemLevel.BlocagemLevel:PersistentLevel.Ghost_2.CharacterMesh0.Ghost_anim_BP_C_0
	Function /Game/MyModifications/Personagem_Fantasma/Animações/Ghost_anim_BP.Ghost_anim_BP_C:ExecuteUbergraph_Ghost_anim_BP:0296
[2022.12.03-04.11.59:431][862]LogScript: Warning: Accessed None trying to read property owining
	Human_anim_BP_C /Game/MyModifications/Level/BlocagemLevel.BlocagemLevel:PersistentLevel.Human_2.CharacterMesh0.Human_anim_BP_C_0
	Function /Game/MyModifications/Personagem_Garoto/Human_anim_BP.Human_anim_BP_C:ExecuteUbergraph_Human_anim_BP:032B
[2022.12.03-04.11.59:431][862]LogScript: Warning: Accessed None trying to read property owining
	Human_anim_BP_C /Game/MyModifications/Level/BlocagemLevel.BlocagemLevel:PersistentLevel.Human_2.CharacterMesh0.Human_anim_BP_C_0
	Function /Game/MyModifications/Personagem_Garoto/Human_anim_BP.Human_anim_BP_C:ExecuteUbergraph_Human_anim_BP:02F6
[2022.12.03-04.11.59:468][862]LogEditorServer: Finished looking for orphan Actors (0.000 secs)
[2022.12.03-04.11.59:468][862]LogAIModule: Creating AISystem for world BlocagemLevel
[2022.12.03-04.11.59:479][862]LogUObjectHash: Compacting FUObjectHashTables data took   0.78ms
[2022.12.03-04.11.59:492][862]Cmd: MAP CHECKDEP NOCLEARLOG
[2022.12.03-04.11.59:492][862]MapCheck: Map check complete: 0 Error(s), 0 Warning(s), took 0.198ms to complete.
[2022.12.03-04.11.59:493][862]LogFileHelpers: Loading map 'BlocagemLevel' took 0.139
[2022.12.03-04.13.33:855][959]LogUObjectHash: Compacting FUObjectHashTables data took   0.40ms
[2022.12.03-04.13.33:933][959]LogAssetEditorSubsystem: Opening Asset editor for World /Game/MyModifications/Level/MenuPrincipal/MenuPrincipal.MenuPrincipal
[2022.12.03-04.13.33:933][959]LightingResults: New page: Lighting Build
[2022.12.03-04.13.33:933][959]LoadErrors: New page: Loading map: MenuPrincipal.umap
[2022.12.03-04.13.33:973][959]LogWorld: UWorld::CleanupWorld for BlocagemLevel, bSessionEnded=true, bCleanupResources=true
[2022.12.03-04.13.33:974][959]LogSlate: InvalidateAllWidgets triggered.  All widgets were invalidated
[2022.12.03-04.13.33:974][959]MapCheck: New page: Map Check
[2022.12.03-04.13.33:974][959]LightingResults: New page: Lighting Build
[2022.12.03-04.13.33:979][959]LogAudio: Display: Audio Device unregistered from world 'None'.
[2022.12.03-04.13.33:984][959]LogUObjectHash: Compacting FUObjectHashTables data took   1.00ms
[2022.12.03-04.13.33:985][959]LogAudio: Display: Audio Device (ID: 1) registered with world 'MenuPrincipal'.
[2022.12.03-04.13.34:006][959]LogEditorServer: Finished looking for orphan Actors (0.000 secs)
[2022.12.03-04.13.34:006][959]LogAIModule: Creating AISystem for world MenuPrincipal
[2022.12.03-04.13.34:013][959]LogUObjectHash: Compacting FUObjectHashTables data took   0.70ms
[2022.12.03-04.13.34:026][959]Cmd: MAP CHECKDEP NOCLEARLOG
[2022.12.03-04.13.34:026][959]MapCheck: Map check complete: 0 Error(s), 0 Warning(s), took 0.152ms to complete.
[2022.12.03-04.13.34:026][959]LogFileHelpers: Loading map 'MenuPrincipal' took 0.093
[2022.12.03-04.13.34:827][ 48]LogAssetEditorSubsystem: Opening Asset editor for WidgetBlueprint /Game/MyModifications/Level/MenuPrincipal/Menu.Menu
[2022.12.03-04.13.34:959][ 48]LogNativeClassHierarchy: Verbose: Native class hierarchy updated for 'BlueprintGraph' in 0.0005 seconds. Added 126 classes and 0 folders.
[2022.12.03-04.13.36:109][ 48]LogSlate: Took 0.000136 seconds to synchronously load lazily loaded font '../../../Engine/Content/Slate/Fonts/Roboto-BoldCondensed.ttf' (158K)
[2022.12.03-04.13.37:443][189]LogSlate: Window 'Menu' being destroyed
[2022.12.03-04.13.41:760][500]LogFactory: FactoryCreateFile: Texture with ReimportTextureFactory (0 0 C:\Users\Yuri Benassi\OneDrive - Fundação São Paulo\PUC-SP\Blender\Imagens\Ghost_House\Imagem_Conversa_Ghost_House_falas.png)
[2022.12.03-04.13.41:777][500]LogTexture: Display: Building textures: Imagem_Conversa_Ghost_House_falas (BGRA8, 1280X659)
[2022.12.03-04.13.46:016][732]LogUObjectHash: Compacting FUObjectHashTables data took   3.45ms
[2022.12.03-04.13.46:903][732]LogSlate: Window 'Save Content' being destroyed
[2022.12.03-04.13.46:963][732]LogSavePackage: Moving 'C:/Users/Yuri Benassi/OneDrive - Fundação São Paulo/PUC-SP/Unreal Projects/Ghost-House/GhostHouse/Saved/Imagem_Conversa_Ghost_House_fala9DDA17B147167A3CFF29C7B20817F822.tmp' to 'C:/Users/Yuri Benassi/OneDrive - Fundação São Paulo/PUC-SP/Unreal Projects/Ghost-House/GhostHouse/Content/MyModifications/Level/MenuPrincipal/Imagem_Conversa_Ghost_House_falas.uasset'
[2022.12.03-04.13.46:983][732]AssetCheck: New page: Asset Save: Imagem_Conversa_Ghost_House_falas
[2022.12.03-04.13.46:983][732]LogContentValidation: Display: Validating Texture2D /Game/MyModifications/Level/MenuPrincipal/Imagem_Conversa_Ghost_House_falas.Imagem_Conversa_Ghost_House_falas
